2022-08-05 15:26:57.122  INFO 32680 --- [main] c.c.b.loyalty.LoyaltyServiceApplication  : Starting LoyaltyServiceApplication on LAPTOP-ATKTSM5R with PID 32680 (C:\Users\91865\Downloads\one-to-many-web-service-main\target\classes started by 91865 in C:\Users\91865\Downloads\one-to-many-web-service-main)
2022-08-05 15:26:57.125  INFO 32680 --- [main] c.c.b.loyalty.LoyaltyServiceApplication  : No active profile set, falling back to default profiles: default
2022-08-05 15:26:58.164  INFO 32680 --- [main] .s.d.r.c.RepositoryConfigurationDelegate : Bootstrapping Spring Data JPA repositories in DEFERRED mode.
2022-08-05 15:26:58.227  INFO 32680 --- [main] .s.d.r.c.RepositoryConfigurationDelegate : Finished Spring Data repository scanning in 58ms. Found 2 JPA repository interfaces.
2022-08-05 15:26:58.761  INFO 32680 --- [main] o.s.b.w.embedded.tomcat.TomcatWebServer  : Tomcat initialized with port(s): 8081 (http)
2022-08-05 15:26:58.766  INFO 32680 --- [main] o.apache.catalina.core.StandardService   : Starting service [Tomcat]
2022-08-05 15:26:58.766  INFO 32680 --- [main] org.apache.catalina.core.StandardEngine  : Starting Servlet engine: [Apache Tomcat/9.0.39]
2022-08-05 15:26:59.200  INFO 32680 --- [main] o.a.c.c.C.[Tomcat].[localhost].[/]       : Initializing Spring embedded WebApplicationContext
2022-08-05 15:26:59.201  INFO 32680 --- [main] w.s.c.ServletWebServerApplicationContext : Root WebApplicationContext: initialization completed in 2017 ms
2022-08-05 15:26:59.253  INFO 32680 --- [main] com.zaxxer.hikari.HikariDataSource       : HikariPool-1 - Starting...
2022-08-05 15:26:59.370  INFO 32680 --- [main] com.zaxxer.hikari.HikariDataSource       : HikariPool-1 - Start completed.
2022-08-05 15:26:59.375  INFO 32680 --- [main] o.s.b.a.h2.H2ConsoleAutoConfiguration    : H2 console available at '/h2'. Database available at 'jdbc:h2:mem:memDb'
2022-08-05 15:26:59.488  INFO 32680 --- [main] o.s.s.concurrent.ThreadPoolTaskExecutor  : Initializing ExecutorService 'applicationTaskExecutor'
2022-08-05 15:26:59.529  INFO 32680 --- [task-1] o.hibernate.jpa.internal.util.LogHelper  : HHH000204: Processing PersistenceUnitInfo [name: default]
2022-08-05 15:26:59.559  WARN 32680 --- [main] ConfigServletWebServerApplicationContext : Exception encountered during context initialization - cancelling refresh attempt: org.springframework.beans.factory.UnsatisfiedDependencyException: Error creating bean with name 'customerController' defined in file [C:\Users\91865\Downloads\one-to-many-web-service-main\target\classes\com\customer\benefits\loyalty\controller\CustomerController.class]: Unsatisfied dependency expressed through constructor parameter 0; nested exception is org.springframework.beans.factory.UnsatisfiedDependencyException: Error creating bean with name 'customerService': Unsatisfied dependency expressed through field 'thresHoldAmt'; nested exception is org.springframework.beans.TypeMismatchException: Failed to convert value of type 'java.lang.String' to required type 'java.lang.Double'; nested exception is java.lang.NumberFormatException: For input string: "{$threshold.amount}"
2022-08-05 15:26:59.560  INFO 32680 --- [main] j.LocalContainerEntityManagerFactoryBean : Closing JPA EntityManagerFactory for persistence unit 'default'
2022-08-05 15:26:59.575  INFO 32680 --- [task-1] org.hibernate.Version                    : HHH000412: Hibernate ORM core version 5.4.22.Final
2022-08-05 15:26:59.707  INFO 32680 --- [task-1] o.hibernate.annotations.common.Version   : HCANN000001: Hibernate Commons Annotations {5.1.0.Final}
2022-08-05 15:26:59.823  INFO 32680 --- [task-1] org.hibernate.dialect.Dialect            : HHH000400: Using dialect: org.hibernate.dialect.H2Dialect
2022-08-05 15:27:00.466  INFO 32680 --- [task-1] o.h.e.t.j.p.i.JtaPlatformInitiator       : HHH000490: Using JtaPlatform implementation: [org.hibernate.engine.transaction.jta.platform.internal.NoJtaPlatform]
2022-08-05 15:27:00.473  INFO 32680 --- [task-1] j.LocalContainerEntityManagerFactoryBean : Initialized JPA EntityManagerFactory for persistence unit 'default'
2022-08-05 15:27:00.474  INFO 32680 --- [main] .SchemaDropperImpl$DelayedDropActionImpl : HHH000477: Starting delayed evictData of schema as part of SessionFactory shut-down'
2022-08-05 15:27:00.481  INFO 32680 --- [main] o.s.s.concurrent.ThreadPoolTaskExecutor  : Shutting down ExecutorService 'applicationTaskExecutor'
2022-08-05 15:27:00.484  INFO 32680 --- [main] com.zaxxer.hikari.HikariDataSource       : HikariPool-1 - Shutdown initiated...
2022-08-05 15:27:00.487  INFO 32680 --- [main] com.zaxxer.hikari.HikariDataSource       : HikariPool-1 - Shutdown completed.
2022-08-05 15:27:00.487  INFO 32680 --- [main] o.apache.catalina.core.StandardService   : Stopping service [Tomcat]
2022-08-05 15:27:00.499  INFO 32680 --- [main] ConditionEvaluationReportLoggingListener : 

Error starting ApplicationContext. To display the conditions report re-run your application with 'debug' enabled.
2022-08-05 15:27:00.513 ERROR 32680 --- [main] o.s.boot.SpringApplication               : Application run failed

org.springframework.beans.factory.UnsatisfiedDependencyException: Error creating bean with name 'customerController' defined in file [C:\Users\91865\Downloads\one-to-many-web-service-main\target\classes\com\customer\benefits\loyalty\controller\CustomerController.class]: Unsatisfied dependency expressed through constructor parameter 0; nested exception is org.springframework.beans.factory.UnsatisfiedDependencyException: Error creating bean with name 'customerService': Unsatisfied dependency expressed through field 'thresHoldAmt'; nested exception is org.springframework.beans.TypeMismatchException: Failed to convert value of type 'java.lang.String' to required type 'java.lang.Double'; nested exception is java.lang.NumberFormatException: For input string: "{$threshold.amount}"
	at org.springframework.beans.factory.support.ConstructorResolver.createArgumentArray(ConstructorResolver.java:797) ~[spring-beans-5.2.10.RELEASE.jar:5.2.10.RELEASE]
	at org.springframework.beans.factory.support.ConstructorResolver.autowireConstructor(ConstructorResolver.java:227) ~[spring-beans-5.2.10.RELEASE.jar:5.2.10.RELEASE]
	at org.springframework.beans.factory.support.AbstractAutowireCapableBeanFactory.autowireConstructor(AbstractAutowireCapableBeanFactory.java:1356) ~[spring-beans-5.2.10.RELEASE.jar:5.2.10.RELEASE]
	at org.springframework.beans.factory.support.AbstractAutowireCapableBeanFactory.createBeanInstance(AbstractAutowireCapableBeanFactory.java:1203) ~[spring-beans-5.2.10.RELEASE.jar:5.2.10.RELEASE]
	at org.springframework.beans.factory.support.AbstractAutowireCapableBeanFactory.doCreateBean(AbstractAutowireCapableBeanFactory.java:556) ~[spring-beans-5.2.10.RELEASE.jar:5.2.10.RELEASE]
	at org.springframework.beans.factory.support.AbstractAutowireCapableBeanFactory.createBean(AbstractAutowireCapableBeanFactory.java:516) ~[spring-beans-5.2.10.RELEASE.jar:5.2.10.RELEASE]
	at org.springframework.beans.factory.support.AbstractBeanFactory.lambda$doGetBean$0(AbstractBeanFactory.java:324) ~[spring-beans-5.2.10.RELEASE.jar:5.2.10.RELEASE]
	at org.springframework.beans.factory.support.DefaultSingletonBeanRegistry.getSingleton(DefaultSingletonBeanRegistry.java:234) ~[spring-beans-5.2.10.RELEASE.jar:5.2.10.RELEASE]
	at org.springframework.beans.factory.support.AbstractBeanFactory.doGetBean(AbstractBeanFactory.java:322) ~[spring-beans-5.2.10.RELEASE.jar:5.2.10.RELEASE]
	at org.springframework.beans.factory.support.AbstractBeanFactory.getBean(AbstractBeanFactory.java:202) ~[spring-beans-5.2.10.RELEASE.jar:5.2.10.RELEASE]
	at org.springframework.beans.factory.support.DefaultListableBeanFactory.preInstantiateSingletons(DefaultListableBeanFactory.java:897) ~[spring-beans-5.2.10.RELEASE.jar:5.2.10.RELEASE]
	at org.springframework.context.support.AbstractApplicationContext.finishBeanFactoryInitialization(AbstractApplicationContext.java:879) ~[spring-context-5.2.10.RELEASE.jar:5.2.10.RELEASE]
	at org.springframework.context.support.AbstractApplicationContext.refresh(AbstractApplicationContext.java:551) ~[spring-context-5.2.10.RELEASE.jar:5.2.10.RELEASE]
	at org.springframework.boot.web.servlet.context.ServletWebServerApplicationContext.refresh(ServletWebServerApplicationContext.java:143) ~[spring-boot-2.3.5.RELEASE.jar:2.3.5.RELEASE]
	at org.springframework.boot.SpringApplication.refresh(SpringApplication.java:758) ~[spring-boot-2.3.5.RELEASE.jar:2.3.5.RELEASE]
	at org.springframework.boot.SpringApplication.refresh(SpringApplication.java:750) ~[spring-boot-2.3.5.RELEASE.jar:2.3.5.RELEASE]
	at org.springframework.boot.SpringApplication.refreshContext(SpringApplication.java:405) ~[spring-boot-2.3.5.RELEASE.jar:2.3.5.RELEASE]
	at org.springframework.boot.SpringApplication.run(SpringApplication.java:315) ~[spring-boot-2.3.5.RELEASE.jar:2.3.5.RELEASE]
	at org.springframework.boot.SpringApplication.run(SpringApplication.java:1237) ~[spring-boot-2.3.5.RELEASE.jar:2.3.5.RELEASE]
	at org.springframework.boot.SpringApplication.run(SpringApplication.java:1226) ~[spring-boot-2.3.5.RELEASE.jar:2.3.5.RELEASE]
	at com.customer.benefits.loyalty.LoyaltyServiceApplication.main(LoyaltyServiceApplication.java:9) ~[classes/:na]
Caused by: org.springframework.beans.factory.UnsatisfiedDependencyException: Error creating bean with name 'customerService': Unsatisfied dependency expressed through field 'thresHoldAmt'; nested exception is org.springframework.beans.TypeMismatchException: Failed to convert value of type 'java.lang.String' to required type 'java.lang.Double'; nested exception is java.lang.NumberFormatException: For input string: "{$threshold.amount}"
	at org.springframework.beans.factory.annotation.AutowiredAnnotationBeanPostProcessor$AutowiredFieldElement.inject(AutowiredAnnotationBeanPostProcessor.java:643) ~[spring-beans-5.2.10.RELEASE.jar:5.2.10.RELEASE]
	at org.springframework.beans.factory.annotation.InjectionMetadata.inject(InjectionMetadata.java:130) ~[spring-beans-5.2.10.RELEASE.jar:5.2.10.RELEASE]
	at org.springframework.beans.factory.annotation.AutowiredAnnotationBeanPostProcessor.postProcessProperties(AutowiredAnnotationBeanPostProcessor.java:399) ~[spring-beans-5.2.10.RELEASE.jar:5.2.10.RELEASE]
	at org.springframework.beans.factory.support.AbstractAutowireCapableBeanFactory.populateBean(AbstractAutowireCapableBeanFactory.java:1420) ~[spring-beans-5.2.10.RELEASE.jar:5.2.10.RELEASE]
	at org.springframework.beans.factory.support.AbstractAutowireCapableBeanFactory.doCreateBean(AbstractAutowireCapableBeanFactory.java:593) ~[spring-beans-5.2.10.RELEASE.jar:5.2.10.RELEASE]
	at org.springframework.beans.factory.support.AbstractAutowireCapableBeanFactory.createBean(AbstractAutowireCapableBeanFactory.java:516) ~[spring-beans-5.2.10.RELEASE.jar:5.2.10.RELEASE]
	at org.springframework.beans.factory.support.AbstractBeanFactory.lambda$doGetBean$0(AbstractBeanFactory.java:324) ~[spring-beans-5.2.10.RELEASE.jar:5.2.10.RELEASE]
	at org.springframework.beans.factory.support.DefaultSingletonBeanRegistry.getSingleton(DefaultSingletonBeanRegistry.java:234) ~[spring-beans-5.2.10.RELEASE.jar:5.2.10.RELEASE]
	at org.springframework.beans.factory.support.AbstractBeanFactory.doGetBean(AbstractBeanFactory.java:322) ~[spring-beans-5.2.10.RELEASE.jar:5.2.10.RELEASE]
	at org.springframework.beans.factory.support.AbstractBeanFactory.getBean(AbstractBeanFactory.java:202) ~[spring-beans-5.2.10.RELEASE.jar:5.2.10.RELEASE]
	at org.springframework.beans.factory.config.DependencyDescriptor.resolveCandidate(DependencyDescriptor.java:276) ~[spring-beans-5.2.10.RELEASE.jar:5.2.10.RELEASE]
	at org.springframework.beans.factory.support.DefaultListableBeanFactory.doResolveDependency(DefaultListableBeanFactory.java:1307) ~[spring-beans-5.2.10.RELEASE.jar:5.2.10.RELEASE]
	at org.springframework.beans.factory.support.DefaultListableBeanFactory.resolveDependency(DefaultListableBeanFactory.java:1227) ~[spring-beans-5.2.10.RELEASE.jar:5.2.10.RELEASE]
	at org.springframework.beans.factory.support.ConstructorResolver.resolveAutowiredArgument(ConstructorResolver.java:884) ~[spring-beans-5.2.10.RELEASE.jar:5.2.10.RELEASE]
	at org.springframework.beans.factory.support.ConstructorResolver.createArgumentArray(ConstructorResolver.java:788) ~[spring-beans-5.2.10.RELEASE.jar:5.2.10.RELEASE]
	... 20 common frames omitted
Caused by: org.springframework.beans.TypeMismatchException: Failed to convert value of type 'java.lang.String' to required type 'java.lang.Double'; nested exception is java.lang.NumberFormatException: For input string: "{$threshold.amount}"
	at org.springframework.beans.TypeConverterSupport.convertIfNecessary(TypeConverterSupport.java:79) ~[spring-beans-5.2.10.RELEASE.jar:5.2.10.RELEASE]
	at org.springframework.beans.factory.support.DefaultListableBeanFactory.doResolveDependency(DefaultListableBeanFactory.java:1255) ~[spring-beans-5.2.10.RELEASE.jar:5.2.10.RELEASE]
	at org.springframework.beans.factory.support.DefaultListableBeanFactory.resolveDependency(DefaultListableBeanFactory.java:1227) ~[spring-beans-5.2.10.RELEASE.jar:5.2.10.RELEASE]
	at org.springframework.beans.factory.annotation.AutowiredAnnotationBeanPostProcessor$AutowiredFieldElement.inject(AutowiredAnnotationBeanPostProcessor.java:640) ~[spring-beans-5.2.10.RELEASE.jar:5.2.10.RELEASE]
	... 34 common frames omitted
Caused by: java.lang.NumberFormatException: For input string: "{$threshold.amount}"
	at java.base/jdk.internal.math.FloatingDecimal.readJavaFormatString(FloatingDecimal.java:2054) ~[na:na]
	at java.base/jdk.internal.math.FloatingDecimal.parseDouble(FloatingDecimal.java:110) ~[na:na]
	at java.base/java.lang.Double.parseDouble(Double.java:651) ~[na:na]
	at java.base/java.lang.Double.valueOf(Double.java:614) ~[na:na]
	at org.springframework.util.NumberUtils.parseNumber(NumberUtils.java:223) ~[spring-core-5.2.10.RELEASE.jar:5.2.10.RELEASE]
	at org.springframework.beans.propertyeditors.CustomNumberEditor.setAsText(CustomNumberEditor.java:115) ~[spring-beans-5.2.10.RELEASE.jar:5.2.10.RELEASE]
	at org.springframework.beans.TypeConverterDelegate.doConvertTextValue(TypeConverterDelegate.java:429) ~[spring-beans-5.2.10.RELEASE.jar:5.2.10.RELEASE]
	at org.springframework.beans.TypeConverterDelegate.doConvertValue(TypeConverterDelegate.java:402) ~[spring-beans-5.2.10.RELEASE.jar:5.2.10.RELEASE]
	at org.springframework.beans.TypeConverterDelegate.convertIfNecessary(TypeConverterDelegate.java:155) ~[spring-beans-5.2.10.RELEASE.jar:5.2.10.RELEASE]
	at org.springframework.beans.TypeConverterSupport.convertIfNecessary(TypeConverterSupport.java:73) ~[spring-beans-5.2.10.RELEASE.jar:5.2.10.RELEASE]
	... 37 common frames omitted

2022-08-05 15:29:06.438  INFO 11712 --- [main] c.c.b.loyalty.LoyaltyServiceApplication  : Starting LoyaltyServiceApplication on LAPTOP-ATKTSM5R with PID 11712 (C:\Users\91865\Downloads\one-to-many-web-service-main\target\classes started by 91865 in C:\Users\91865\Downloads\one-to-many-web-service-main)
2022-08-05 15:29:06.441  INFO 11712 --- [main] c.c.b.loyalty.LoyaltyServiceApplication  : No active profile set, falling back to default profiles: default
2022-08-05 15:29:07.614  INFO 11712 --- [main] .s.d.r.c.RepositoryConfigurationDelegate : Bootstrapping Spring Data JPA repositories in DEFERRED mode.
2022-08-05 15:29:07.685  INFO 11712 --- [main] .s.d.r.c.RepositoryConfigurationDelegate : Finished Spring Data repository scanning in 63ms. Found 2 JPA repository interfaces.
2022-08-05 15:29:08.200  INFO 11712 --- [main] o.s.b.w.embedded.tomcat.TomcatWebServer  : Tomcat initialized with port(s): 8081 (http)
2022-08-05 15:29:08.208  INFO 11712 --- [main] o.apache.catalina.core.StandardService   : Starting service [Tomcat]
2022-08-05 15:29:08.208  INFO 11712 --- [main] org.apache.catalina.core.StandardEngine  : Starting Servlet engine: [Apache Tomcat/9.0.39]
2022-08-05 15:29:08.640  INFO 11712 --- [main] o.a.c.c.C.[Tomcat].[localhost].[/]       : Initializing Spring embedded WebApplicationContext
2022-08-05 15:29:08.641  INFO 11712 --- [main] w.s.c.ServletWebServerApplicationContext : Root WebApplicationContext: initialization completed in 2135 ms
2022-08-05 15:29:08.690  INFO 11712 --- [main] com.zaxxer.hikari.HikariDataSource       : HikariPool-1 - Starting...
2022-08-05 15:29:08.795  INFO 11712 --- [main] com.zaxxer.hikari.HikariDataSource       : HikariPool-1 - Start completed.
2022-08-05 15:29:08.795  INFO 11712 --- [main] o.s.b.a.h2.H2ConsoleAutoConfiguration    : H2 console available at '/h2'. Database available at 'jdbc:h2:mem:memDb'
2022-08-05 15:29:08.944  INFO 11712 --- [main] o.s.s.concurrent.ThreadPoolTaskExecutor  : Initializing ExecutorService 'applicationTaskExecutor'
2022-08-05 15:29:08.987  INFO 11712 --- [task-1] o.hibernate.jpa.internal.util.LogHelper  : HHH000204: Processing PersistenceUnitInfo [name: default]
2022-08-05 15:29:09.020  WARN 11712 --- [main] ConfigServletWebServerApplicationContext : Exception encountered during context initialization - cancelling refresh attempt: org.springframework.beans.factory.UnsatisfiedDependencyException: Error creating bean with name 'customerController' defined in file [C:\Users\91865\Downloads\one-to-many-web-service-main\target\classes\com\customer\benefits\loyalty\controller\CustomerController.class]: Unsatisfied dependency expressed through constructor parameter 0; nested exception is org.springframework.beans.factory.UnsatisfiedDependencyException: Error creating bean with name 'customerService': Unsatisfied dependency expressed through field 'thresHoldAmt'; nested exception is org.springframework.beans.TypeMismatchException: Failed to convert value of type 'java.lang.String' to required type 'java.lang.Double'; nested exception is java.lang.NumberFormatException: For input string: "{$threshold.amount}"
2022-08-05 15:29:09.020  INFO 11712 --- [main] j.LocalContainerEntityManagerFactoryBean : Closing JPA EntityManagerFactory for persistence unit 'default'
2022-08-05 15:29:09.033  INFO 11712 --- [task-1] org.hibernate.Version                    : HHH000412: Hibernate ORM core version 5.4.22.Final
2022-08-05 15:29:09.147  INFO 11712 --- [task-1] o.hibernate.annotations.common.Version   : HCANN000001: Hibernate Commons Annotations {5.1.0.Final}
2022-08-05 15:29:09.258  INFO 11712 --- [task-1] org.hibernate.dialect.Dialect            : HHH000400: Using dialect: org.hibernate.dialect.H2Dialect
2022-08-05 15:29:09.882  INFO 11712 --- [task-1] o.h.e.t.j.p.i.JtaPlatformInitiator       : HHH000490: Using JtaPlatform implementation: [org.hibernate.engine.transaction.jta.platform.internal.NoJtaPlatform]
2022-08-05 15:29:09.890  INFO 11712 --- [task-1] j.LocalContainerEntityManagerFactoryBean : Initialized JPA EntityManagerFactory for persistence unit 'default'
2022-08-05 15:29:09.891  INFO 11712 --- [main] .SchemaDropperImpl$DelayedDropActionImpl : HHH000477: Starting delayed evictData of schema as part of SessionFactory shut-down'
2022-08-05 15:29:09.900  INFO 11712 --- [main] o.s.s.concurrent.ThreadPoolTaskExecutor  : Shutting down ExecutorService 'applicationTaskExecutor'
2022-08-05 15:29:09.901  INFO 11712 --- [main] com.zaxxer.hikari.HikariDataSource       : HikariPool-1 - Shutdown initiated...
2022-08-05 15:29:09.905  INFO 11712 --- [main] com.zaxxer.hikari.HikariDataSource       : HikariPool-1 - Shutdown completed.
2022-08-05 15:29:09.905  INFO 11712 --- [main] o.apache.catalina.core.StandardService   : Stopping service [Tomcat]
2022-08-05 15:29:09.919  INFO 11712 --- [main] ConditionEvaluationReportLoggingListener : 

Error starting ApplicationContext. To display the conditions report re-run your application with 'debug' enabled.
2022-08-05 15:29:09.934 ERROR 11712 --- [main] o.s.boot.SpringApplication               : Application run failed

org.springframework.beans.factory.UnsatisfiedDependencyException: Error creating bean with name 'customerController' defined in file [C:\Users\91865\Downloads\one-to-many-web-service-main\target\classes\com\customer\benefits\loyalty\controller\CustomerController.class]: Unsatisfied dependency expressed through constructor parameter 0; nested exception is org.springframework.beans.factory.UnsatisfiedDependencyException: Error creating bean with name 'customerService': Unsatisfied dependency expressed through field 'thresHoldAmt'; nested exception is org.springframework.beans.TypeMismatchException: Failed to convert value of type 'java.lang.String' to required type 'java.lang.Double'; nested exception is java.lang.NumberFormatException: For input string: "{$threshold.amount}"
	at org.springframework.beans.factory.support.ConstructorResolver.createArgumentArray(ConstructorResolver.java:797) ~[spring-beans-5.2.10.RELEASE.jar:5.2.10.RELEASE]
	at org.springframework.beans.factory.support.ConstructorResolver.autowireConstructor(ConstructorResolver.java:227) ~[spring-beans-5.2.10.RELEASE.jar:5.2.10.RELEASE]
	at org.springframework.beans.factory.support.AbstractAutowireCapableBeanFactory.autowireConstructor(AbstractAutowireCapableBeanFactory.java:1356) ~[spring-beans-5.2.10.RELEASE.jar:5.2.10.RELEASE]
	at org.springframework.beans.factory.support.AbstractAutowireCapableBeanFactory.createBeanInstance(AbstractAutowireCapableBeanFactory.java:1203) ~[spring-beans-5.2.10.RELEASE.jar:5.2.10.RELEASE]
	at org.springframework.beans.factory.support.AbstractAutowireCapableBeanFactory.doCreateBean(AbstractAutowireCapableBeanFactory.java:556) ~[spring-beans-5.2.10.RELEASE.jar:5.2.10.RELEASE]
	at org.springframework.beans.factory.support.AbstractAutowireCapableBeanFactory.createBean(AbstractAutowireCapableBeanFactory.java:516) ~[spring-beans-5.2.10.RELEASE.jar:5.2.10.RELEASE]
	at org.springframework.beans.factory.support.AbstractBeanFactory.lambda$doGetBean$0(AbstractBeanFactory.java:324) ~[spring-beans-5.2.10.RELEASE.jar:5.2.10.RELEASE]
	at org.springframework.beans.factory.support.DefaultSingletonBeanRegistry.getSingleton(DefaultSingletonBeanRegistry.java:234) ~[spring-beans-5.2.10.RELEASE.jar:5.2.10.RELEASE]
	at org.springframework.beans.factory.support.AbstractBeanFactory.doGetBean(AbstractBeanFactory.java:322) ~[spring-beans-5.2.10.RELEASE.jar:5.2.10.RELEASE]
	at org.springframework.beans.factory.support.AbstractBeanFactory.getBean(AbstractBeanFactory.java:202) ~[spring-beans-5.2.10.RELEASE.jar:5.2.10.RELEASE]
	at org.springframework.beans.factory.support.DefaultListableBeanFactory.preInstantiateSingletons(DefaultListableBeanFactory.java:897) ~[spring-beans-5.2.10.RELEASE.jar:5.2.10.RELEASE]
	at org.springframework.context.support.AbstractApplicationContext.finishBeanFactoryInitialization(AbstractApplicationContext.java:879) ~[spring-context-5.2.10.RELEASE.jar:5.2.10.RELEASE]
	at org.springframework.context.support.AbstractApplicationContext.refresh(AbstractApplicationContext.java:551) ~[spring-context-5.2.10.RELEASE.jar:5.2.10.RELEASE]
	at org.springframework.boot.web.servlet.context.ServletWebServerApplicationContext.refresh(ServletWebServerApplicationContext.java:143) ~[spring-boot-2.3.5.RELEASE.jar:2.3.5.RELEASE]
	at org.springframework.boot.SpringApplication.refresh(SpringApplication.java:758) ~[spring-boot-2.3.5.RELEASE.jar:2.3.5.RELEASE]
	at org.springframework.boot.SpringApplication.refresh(SpringApplication.java:750) ~[spring-boot-2.3.5.RELEASE.jar:2.3.5.RELEASE]
	at org.springframework.boot.SpringApplication.refreshContext(SpringApplication.java:405) ~[spring-boot-2.3.5.RELEASE.jar:2.3.5.RELEASE]
	at org.springframework.boot.SpringApplication.run(SpringApplication.java:315) ~[spring-boot-2.3.5.RELEASE.jar:2.3.5.RELEASE]
	at org.springframework.boot.SpringApplication.run(SpringApplication.java:1237) ~[spring-boot-2.3.5.RELEASE.jar:2.3.5.RELEASE]
	at org.springframework.boot.SpringApplication.run(SpringApplication.java:1226) ~[spring-boot-2.3.5.RELEASE.jar:2.3.5.RELEASE]
	at com.customer.benefits.loyalty.LoyaltyServiceApplication.main(LoyaltyServiceApplication.java:9) ~[classes/:na]
Caused by: org.springframework.beans.factory.UnsatisfiedDependencyException: Error creating bean with name 'customerService': Unsatisfied dependency expressed through field 'thresHoldAmt'; nested exception is org.springframework.beans.TypeMismatchException: Failed to convert value of type 'java.lang.String' to required type 'java.lang.Double'; nested exception is java.lang.NumberFormatException: For input string: "{$threshold.amount}"
	at org.springframework.beans.factory.annotation.AutowiredAnnotationBeanPostProcessor$AutowiredFieldElement.inject(AutowiredAnnotationBeanPostProcessor.java:643) ~[spring-beans-5.2.10.RELEASE.jar:5.2.10.RELEASE]
	at org.springframework.beans.factory.annotation.InjectionMetadata.inject(InjectionMetadata.java:130) ~[spring-beans-5.2.10.RELEASE.jar:5.2.10.RELEASE]
	at org.springframework.beans.factory.annotation.AutowiredAnnotationBeanPostProcessor.postProcessProperties(AutowiredAnnotationBeanPostProcessor.java:399) ~[spring-beans-5.2.10.RELEASE.jar:5.2.10.RELEASE]
	at org.springframework.beans.factory.support.AbstractAutowireCapableBeanFactory.populateBean(AbstractAutowireCapableBeanFactory.java:1420) ~[spring-beans-5.2.10.RELEASE.jar:5.2.10.RELEASE]
	at org.springframework.beans.factory.support.AbstractAutowireCapableBeanFactory.doCreateBean(AbstractAutowireCapableBeanFactory.java:593) ~[spring-beans-5.2.10.RELEASE.jar:5.2.10.RELEASE]
	at org.springframework.beans.factory.support.AbstractAutowireCapableBeanFactory.createBean(AbstractAutowireCapableBeanFactory.java:516) ~[spring-beans-5.2.10.RELEASE.jar:5.2.10.RELEASE]
	at org.springframework.beans.factory.support.AbstractBeanFactory.lambda$doGetBean$0(AbstractBeanFactory.java:324) ~[spring-beans-5.2.10.RELEASE.jar:5.2.10.RELEASE]
	at org.springframework.beans.factory.support.DefaultSingletonBeanRegistry.getSingleton(DefaultSingletonBeanRegistry.java:234) ~[spring-beans-5.2.10.RELEASE.jar:5.2.10.RELEASE]
	at org.springframework.beans.factory.support.AbstractBeanFactory.doGetBean(AbstractBeanFactory.java:322) ~[spring-beans-5.2.10.RELEASE.jar:5.2.10.RELEASE]
	at org.springframework.beans.factory.support.AbstractBeanFactory.getBean(AbstractBeanFactory.java:202) ~[spring-beans-5.2.10.RELEASE.jar:5.2.10.RELEASE]
	at org.springframework.beans.factory.config.DependencyDescriptor.resolveCandidate(DependencyDescriptor.java:276) ~[spring-beans-5.2.10.RELEASE.jar:5.2.10.RELEASE]
	at org.springframework.beans.factory.support.DefaultListableBeanFactory.doResolveDependency(DefaultListableBeanFactory.java:1307) ~[spring-beans-5.2.10.RELEASE.jar:5.2.10.RELEASE]
	at org.springframework.beans.factory.support.DefaultListableBeanFactory.resolveDependency(DefaultListableBeanFactory.java:1227) ~[spring-beans-5.2.10.RELEASE.jar:5.2.10.RELEASE]
	at org.springframework.beans.factory.support.ConstructorResolver.resolveAutowiredArgument(ConstructorResolver.java:884) ~[spring-beans-5.2.10.RELEASE.jar:5.2.10.RELEASE]
	at org.springframework.beans.factory.support.ConstructorResolver.createArgumentArray(ConstructorResolver.java:788) ~[spring-beans-5.2.10.RELEASE.jar:5.2.10.RELEASE]
	... 20 common frames omitted
Caused by: org.springframework.beans.TypeMismatchException: Failed to convert value of type 'java.lang.String' to required type 'java.lang.Double'; nested exception is java.lang.NumberFormatException: For input string: "{$threshold.amount}"
	at org.springframework.beans.TypeConverterSupport.convertIfNecessary(TypeConverterSupport.java:79) ~[spring-beans-5.2.10.RELEASE.jar:5.2.10.RELEASE]
	at org.springframework.beans.factory.support.DefaultListableBeanFactory.doResolveDependency(DefaultListableBeanFactory.java:1255) ~[spring-beans-5.2.10.RELEASE.jar:5.2.10.RELEASE]
	at org.springframework.beans.factory.support.DefaultListableBeanFactory.resolveDependency(DefaultListableBeanFactory.java:1227) ~[spring-beans-5.2.10.RELEASE.jar:5.2.10.RELEASE]
	at org.springframework.beans.factory.annotation.AutowiredAnnotationBeanPostProcessor$AutowiredFieldElement.inject(AutowiredAnnotationBeanPostProcessor.java:640) ~[spring-beans-5.2.10.RELEASE.jar:5.2.10.RELEASE]
	... 34 common frames omitted
Caused by: java.lang.NumberFormatException: For input string: "{$threshold.amount}"
	at java.base/jdk.internal.math.FloatingDecimal.readJavaFormatString(FloatingDecimal.java:2054) ~[na:na]
	at java.base/jdk.internal.math.FloatingDecimal.parseDouble(FloatingDecimal.java:110) ~[na:na]
	at java.base/java.lang.Double.parseDouble(Double.java:651) ~[na:na]
	at java.base/java.lang.Double.valueOf(Double.java:614) ~[na:na]
	at org.springframework.util.NumberUtils.parseNumber(NumberUtils.java:223) ~[spring-core-5.2.10.RELEASE.jar:5.2.10.RELEASE]
	at org.springframework.beans.propertyeditors.CustomNumberEditor.setAsText(CustomNumberEditor.java:115) ~[spring-beans-5.2.10.RELEASE.jar:5.2.10.RELEASE]
	at org.springframework.beans.TypeConverterDelegate.doConvertTextValue(TypeConverterDelegate.java:429) ~[spring-beans-5.2.10.RELEASE.jar:5.2.10.RELEASE]
	at org.springframework.beans.TypeConverterDelegate.doConvertValue(TypeConverterDelegate.java:402) ~[spring-beans-5.2.10.RELEASE.jar:5.2.10.RELEASE]
	at org.springframework.beans.TypeConverterDelegate.convertIfNecessary(TypeConverterDelegate.java:155) ~[spring-beans-5.2.10.RELEASE.jar:5.2.10.RELEASE]
	at org.springframework.beans.TypeConverterSupport.convertIfNecessary(TypeConverterSupport.java:73) ~[spring-beans-5.2.10.RELEASE.jar:5.2.10.RELEASE]
	... 37 common frames omitted

2022-08-05 15:30:35.438  INFO 12784 --- [main] c.c.b.loyalty.LoyaltyServiceApplication  : Starting LoyaltyServiceApplication on LAPTOP-ATKTSM5R with PID 12784 (C:\Users\91865\Downloads\one-to-many-web-service-main\target\classes started by 91865 in C:\Users\91865\Downloads\one-to-many-web-service-main)
2022-08-05 15:30:35.442  INFO 12784 --- [main] c.c.b.loyalty.LoyaltyServiceApplication  : No active profile set, falling back to default profiles: default
2022-08-05 15:30:36.490  INFO 12784 --- [main] .s.d.r.c.RepositoryConfigurationDelegate : Bootstrapping Spring Data JPA repositories in DEFERRED mode.
2022-08-05 15:30:36.560  INFO 12784 --- [main] .s.d.r.c.RepositoryConfigurationDelegate : Finished Spring Data repository scanning in 61ms. Found 2 JPA repository interfaces.
2022-08-05 15:30:37.109  INFO 12784 --- [main] o.s.b.w.embedded.tomcat.TomcatWebServer  : Tomcat initialized with port(s): 8081 (http)
2022-08-05 15:30:37.121  INFO 12784 --- [main] o.apache.catalina.core.StandardService   : Starting service [Tomcat]
2022-08-05 15:30:37.121  INFO 12784 --- [main] org.apache.catalina.core.StandardEngine  : Starting Servlet engine: [Apache Tomcat/9.0.39]
2022-08-05 15:30:37.555  INFO 12784 --- [main] o.a.c.c.C.[Tomcat].[localhost].[/]       : Initializing Spring embedded WebApplicationContext
2022-08-05 15:30:37.555  INFO 12784 --- [main] w.s.c.ServletWebServerApplicationContext : Root WebApplicationContext: initialization completed in 2053 ms
2022-08-05 15:30:37.600  INFO 12784 --- [main] com.zaxxer.hikari.HikariDataSource       : HikariPool-1 - Starting...
2022-08-05 15:30:37.713  INFO 12784 --- [main] com.zaxxer.hikari.HikariDataSource       : HikariPool-1 - Start completed.
2022-08-05 15:30:37.719  INFO 12784 --- [main] o.s.b.a.h2.H2ConsoleAutoConfiguration    : H2 console available at '/h2'. Database available at 'jdbc:h2:mem:memDb'
2022-08-05 15:30:37.864  INFO 12784 --- [main] o.s.s.concurrent.ThreadPoolTaskExecutor  : Initializing ExecutorService 'applicationTaskExecutor'
2022-08-05 15:30:37.908  INFO 12784 --- [task-1] o.hibernate.jpa.internal.util.LogHelper  : HHH000204: Processing PersistenceUnitInfo [name: default]
2022-08-05 15:30:37.933  WARN 12784 --- [main] ConfigServletWebServerApplicationContext : Exception encountered during context initialization - cancelling refresh attempt: org.springframework.beans.factory.UnsatisfiedDependencyException: Error creating bean with name 'customerController' defined in file [C:\Users\91865\Downloads\one-to-many-web-service-main\target\classes\com\customer\benefits\loyalty\controller\CustomerController.class]: Unsatisfied dependency expressed through constructor parameter 0; nested exception is org.springframework.beans.factory.UnsatisfiedDependencyException: Error creating bean with name 'customerService': Unsatisfied dependency expressed through field 'thresHoldAmt'; nested exception is org.springframework.beans.TypeMismatchException: Failed to convert value of type 'java.lang.String' to required type 'double'; nested exception is java.lang.NumberFormatException: For input string: "{$threshold.amount}"
2022-08-05 15:30:37.933  INFO 12784 --- [main] j.LocalContainerEntityManagerFactoryBean : Closing JPA EntityManagerFactory for persistence unit 'default'
2022-08-05 15:30:37.943  INFO 12784 --- [task-1] org.hibernate.Version                    : HHH000412: Hibernate ORM core version 5.4.22.Final
2022-08-05 15:30:38.051  INFO 12784 --- [task-1] o.hibernate.annotations.common.Version   : HCANN000001: Hibernate Commons Annotations {5.1.0.Final}
2022-08-05 15:30:38.163  INFO 12784 --- [task-1] org.hibernate.dialect.Dialect            : HHH000400: Using dialect: org.hibernate.dialect.H2Dialect
2022-08-05 15:30:38.824  INFO 12784 --- [task-1] o.h.e.t.j.p.i.JtaPlatformInitiator       : HHH000490: Using JtaPlatform implementation: [org.hibernate.engine.transaction.jta.platform.internal.NoJtaPlatform]
2022-08-05 15:30:38.833  INFO 12784 --- [task-1] j.LocalContainerEntityManagerFactoryBean : Initialized JPA EntityManagerFactory for persistence unit 'default'
2022-08-05 15:30:38.833  INFO 12784 --- [main] .SchemaDropperImpl$DelayedDropActionImpl : HHH000477: Starting delayed evictData of schema as part of SessionFactory shut-down'
2022-08-05 15:30:38.842  INFO 12784 --- [main] o.s.s.concurrent.ThreadPoolTaskExecutor  : Shutting down ExecutorService 'applicationTaskExecutor'
2022-08-05 15:30:38.843  INFO 12784 --- [main] com.zaxxer.hikari.HikariDataSource       : HikariPool-1 - Shutdown initiated...
2022-08-05 15:30:38.847  INFO 12784 --- [main] com.zaxxer.hikari.HikariDataSource       : HikariPool-1 - Shutdown completed.
2022-08-05 15:30:38.848  INFO 12784 --- [main] o.apache.catalina.core.StandardService   : Stopping service [Tomcat]
2022-08-05 15:30:38.861  INFO 12784 --- [main] ConditionEvaluationReportLoggingListener : 

Error starting ApplicationContext. To display the conditions report re-run your application with 'debug' enabled.
2022-08-05 15:30:38.872 ERROR 12784 --- [main] o.s.boot.SpringApplication               : Application run failed

org.springframework.beans.factory.UnsatisfiedDependencyException: Error creating bean with name 'customerController' defined in file [C:\Users\91865\Downloads\one-to-many-web-service-main\target\classes\com\customer\benefits\loyalty\controller\CustomerController.class]: Unsatisfied dependency expressed through constructor parameter 0; nested exception is org.springframework.beans.factory.UnsatisfiedDependencyException: Error creating bean with name 'customerService': Unsatisfied dependency expressed through field 'thresHoldAmt'; nested exception is org.springframework.beans.TypeMismatchException: Failed to convert value of type 'java.lang.String' to required type 'double'; nested exception is java.lang.NumberFormatException: For input string: "{$threshold.amount}"
	at org.springframework.beans.factory.support.ConstructorResolver.createArgumentArray(ConstructorResolver.java:797) ~[spring-beans-5.2.10.RELEASE.jar:5.2.10.RELEASE]
	at org.springframework.beans.factory.support.ConstructorResolver.autowireConstructor(ConstructorResolver.java:227) ~[spring-beans-5.2.10.RELEASE.jar:5.2.10.RELEASE]
	at org.springframework.beans.factory.support.AbstractAutowireCapableBeanFactory.autowireConstructor(AbstractAutowireCapableBeanFactory.java:1356) ~[spring-beans-5.2.10.RELEASE.jar:5.2.10.RELEASE]
	at org.springframework.beans.factory.support.AbstractAutowireCapableBeanFactory.createBeanInstance(AbstractAutowireCapableBeanFactory.java:1203) ~[spring-beans-5.2.10.RELEASE.jar:5.2.10.RELEASE]
	at org.springframework.beans.factory.support.AbstractAutowireCapableBeanFactory.doCreateBean(AbstractAutowireCapableBeanFactory.java:556) ~[spring-beans-5.2.10.RELEASE.jar:5.2.10.RELEASE]
	at org.springframework.beans.factory.support.AbstractAutowireCapableBeanFactory.createBean(AbstractAutowireCapableBeanFactory.java:516) ~[spring-beans-5.2.10.RELEASE.jar:5.2.10.RELEASE]
	at org.springframework.beans.factory.support.AbstractBeanFactory.lambda$doGetBean$0(AbstractBeanFactory.java:324) ~[spring-beans-5.2.10.RELEASE.jar:5.2.10.RELEASE]
	at org.springframework.beans.factory.support.DefaultSingletonBeanRegistry.getSingleton(DefaultSingletonBeanRegistry.java:234) ~[spring-beans-5.2.10.RELEASE.jar:5.2.10.RELEASE]
	at org.springframework.beans.factory.support.AbstractBeanFactory.doGetBean(AbstractBeanFactory.java:322) ~[spring-beans-5.2.10.RELEASE.jar:5.2.10.RELEASE]
	at org.springframework.beans.factory.support.AbstractBeanFactory.getBean(AbstractBeanFactory.java:202) ~[spring-beans-5.2.10.RELEASE.jar:5.2.10.RELEASE]
	at org.springframework.beans.factory.support.DefaultListableBeanFactory.preInstantiateSingletons(DefaultListableBeanFactory.java:897) ~[spring-beans-5.2.10.RELEASE.jar:5.2.10.RELEASE]
	at org.springframework.context.support.AbstractApplicationContext.finishBeanFactoryInitialization(AbstractApplicationContext.java:879) ~[spring-context-5.2.10.RELEASE.jar:5.2.10.RELEASE]
	at org.springframework.context.support.AbstractApplicationContext.refresh(AbstractApplicationContext.java:551) ~[spring-context-5.2.10.RELEASE.jar:5.2.10.RELEASE]
	at org.springframework.boot.web.servlet.context.ServletWebServerApplicationContext.refresh(ServletWebServerApplicationContext.java:143) ~[spring-boot-2.3.5.RELEASE.jar:2.3.5.RELEASE]
	at org.springframework.boot.SpringApplication.refresh(SpringApplication.java:758) ~[spring-boot-2.3.5.RELEASE.jar:2.3.5.RELEASE]
	at org.springframework.boot.SpringApplication.refresh(SpringApplication.java:750) ~[spring-boot-2.3.5.RELEASE.jar:2.3.5.RELEASE]
	at org.springframework.boot.SpringApplication.refreshContext(SpringApplication.java:405) ~[spring-boot-2.3.5.RELEASE.jar:2.3.5.RELEASE]
	at org.springframework.boot.SpringApplication.run(SpringApplication.java:315) ~[spring-boot-2.3.5.RELEASE.jar:2.3.5.RELEASE]
	at org.springframework.boot.SpringApplication.run(SpringApplication.java:1237) ~[spring-boot-2.3.5.RELEASE.jar:2.3.5.RELEASE]
	at org.springframework.boot.SpringApplication.run(SpringApplication.java:1226) ~[spring-boot-2.3.5.RELEASE.jar:2.3.5.RELEASE]
	at com.customer.benefits.loyalty.LoyaltyServiceApplication.main(LoyaltyServiceApplication.java:9) ~[classes/:na]
Caused by: org.springframework.beans.factory.UnsatisfiedDependencyException: Error creating bean with name 'customerService': Unsatisfied dependency expressed through field 'thresHoldAmt'; nested exception is org.springframework.beans.TypeMismatchException: Failed to convert value of type 'java.lang.String' to required type 'double'; nested exception is java.lang.NumberFormatException: For input string: "{$threshold.amount}"
	at org.springframework.beans.factory.annotation.AutowiredAnnotationBeanPostProcessor$AutowiredFieldElement.inject(AutowiredAnnotationBeanPostProcessor.java:643) ~[spring-beans-5.2.10.RELEASE.jar:5.2.10.RELEASE]
	at org.springframework.beans.factory.annotation.InjectionMetadata.inject(InjectionMetadata.java:130) ~[spring-beans-5.2.10.RELEASE.jar:5.2.10.RELEASE]
	at org.springframework.beans.factory.annotation.AutowiredAnnotationBeanPostProcessor.postProcessProperties(AutowiredAnnotationBeanPostProcessor.java:399) ~[spring-beans-5.2.10.RELEASE.jar:5.2.10.RELEASE]
	at org.springframework.beans.factory.support.AbstractAutowireCapableBeanFactory.populateBean(AbstractAutowireCapableBeanFactory.java:1420) ~[spring-beans-5.2.10.RELEASE.jar:5.2.10.RELEASE]
	at org.springframework.beans.factory.support.AbstractAutowireCapableBeanFactory.doCreateBean(AbstractAutowireCapableBeanFactory.java:593) ~[spring-beans-5.2.10.RELEASE.jar:5.2.10.RELEASE]
	at org.springframework.beans.factory.support.AbstractAutowireCapableBeanFactory.createBean(AbstractAutowireCapableBeanFactory.java:516) ~[spring-beans-5.2.10.RELEASE.jar:5.2.10.RELEASE]
	at org.springframework.beans.factory.support.AbstractBeanFactory.lambda$doGetBean$0(AbstractBeanFactory.java:324) ~[spring-beans-5.2.10.RELEASE.jar:5.2.10.RELEASE]
	at org.springframework.beans.factory.support.DefaultSingletonBeanRegistry.getSingleton(DefaultSingletonBeanRegistry.java:234) ~[spring-beans-5.2.10.RELEASE.jar:5.2.10.RELEASE]
	at org.springframework.beans.factory.support.AbstractBeanFactory.doGetBean(AbstractBeanFactory.java:322) ~[spring-beans-5.2.10.RELEASE.jar:5.2.10.RELEASE]
	at org.springframework.beans.factory.support.AbstractBeanFactory.getBean(AbstractBeanFactory.java:202) ~[spring-beans-5.2.10.RELEASE.jar:5.2.10.RELEASE]
	at org.springframework.beans.factory.config.DependencyDescriptor.resolveCandidate(DependencyDescriptor.java:276) ~[spring-beans-5.2.10.RELEASE.jar:5.2.10.RELEASE]
	at org.springframework.beans.factory.support.DefaultListableBeanFactory.doResolveDependency(DefaultListableBeanFactory.java:1307) ~[spring-beans-5.2.10.RELEASE.jar:5.2.10.RELEASE]
	at org.springframework.beans.factory.support.DefaultListableBeanFactory.resolveDependency(DefaultListableBeanFactory.java:1227) ~[spring-beans-5.2.10.RELEASE.jar:5.2.10.RELEASE]
	at org.springframework.beans.factory.support.ConstructorResolver.resolveAutowiredArgument(ConstructorResolver.java:884) ~[spring-beans-5.2.10.RELEASE.jar:5.2.10.RELEASE]
	at org.springframework.beans.factory.support.ConstructorResolver.createArgumentArray(ConstructorResolver.java:788) ~[spring-beans-5.2.10.RELEASE.jar:5.2.10.RELEASE]
	... 20 common frames omitted
Caused by: org.springframework.beans.TypeMismatchException: Failed to convert value of type 'java.lang.String' to required type 'double'; nested exception is java.lang.NumberFormatException: For input string: "{$threshold.amount}"
	at org.springframework.beans.TypeConverterSupport.convertIfNecessary(TypeConverterSupport.java:79) ~[spring-beans-5.2.10.RELEASE.jar:5.2.10.RELEASE]
	at org.springframework.beans.factory.support.DefaultListableBeanFactory.doResolveDependency(DefaultListableBeanFactory.java:1255) ~[spring-beans-5.2.10.RELEASE.jar:5.2.10.RELEASE]
	at org.springframework.beans.factory.support.DefaultListableBeanFactory.resolveDependency(DefaultListableBeanFactory.java:1227) ~[spring-beans-5.2.10.RELEASE.jar:5.2.10.RELEASE]
	at org.springframework.beans.factory.annotation.AutowiredAnnotationBeanPostProcessor$AutowiredFieldElement.inject(AutowiredAnnotationBeanPostProcessor.java:640) ~[spring-beans-5.2.10.RELEASE.jar:5.2.10.RELEASE]
	... 34 common frames omitted
Caused by: java.lang.NumberFormatException: For input string: "{$threshold.amount}"
	at java.base/jdk.internal.math.FloatingDecimal.readJavaFormatString(FloatingDecimal.java:2054) ~[na:na]
	at java.base/jdk.internal.math.FloatingDecimal.parseDouble(FloatingDecimal.java:110) ~[na:na]
	at java.base/java.lang.Double.parseDouble(Double.java:651) ~[na:na]
	at java.base/java.lang.Double.valueOf(Double.java:614) ~[na:na]
	at org.springframework.util.NumberUtils.parseNumber(NumberUtils.java:223) ~[spring-core-5.2.10.RELEASE.jar:5.2.10.RELEASE]
	at org.springframework.beans.propertyeditors.CustomNumberEditor.setAsText(CustomNumberEditor.java:115) ~[spring-beans-5.2.10.RELEASE.jar:5.2.10.RELEASE]
	at org.springframework.beans.TypeConverterDelegate.doConvertTextValue(TypeConverterDelegate.java:429) ~[spring-beans-5.2.10.RELEASE.jar:5.2.10.RELEASE]
	at org.springframework.beans.TypeConverterDelegate.doConvertValue(TypeConverterDelegate.java:402) ~[spring-beans-5.2.10.RELEASE.jar:5.2.10.RELEASE]
	at org.springframework.beans.TypeConverterDelegate.convertIfNecessary(TypeConverterDelegate.java:155) ~[spring-beans-5.2.10.RELEASE.jar:5.2.10.RELEASE]
	at org.springframework.beans.TypeConverterSupport.convertIfNecessary(TypeConverterSupport.java:73) ~[spring-beans-5.2.10.RELEASE.jar:5.2.10.RELEASE]
	... 37 common frames omitted

2022-08-05 15:33:15.982  INFO 34660 --- [main] c.c.b.loyalty.LoyaltyServiceApplication  : Starting LoyaltyServiceApplication on LAPTOP-ATKTSM5R with PID 34660 (C:\Users\91865\Downloads\one-to-many-web-service-main\target\classes started by 91865 in C:\Users\91865\Downloads\one-to-many-web-service-main)
2022-08-05 15:33:15.985  INFO 34660 --- [main] c.c.b.loyalty.LoyaltyServiceApplication  : No active profile set, falling back to default profiles: default
2022-08-05 15:33:17.147  INFO 34660 --- [main] .s.d.r.c.RepositoryConfigurationDelegate : Bootstrapping Spring Data JPA repositories in DEFERRED mode.
2022-08-05 15:33:17.217  INFO 34660 --- [main] .s.d.r.c.RepositoryConfigurationDelegate : Finished Spring Data repository scanning in 59ms. Found 2 JPA repository interfaces.
2022-08-05 15:33:17.752  INFO 34660 --- [main] o.s.b.w.embedded.tomcat.TomcatWebServer  : Tomcat initialized with port(s): 8081 (http)
2022-08-05 15:33:17.760  INFO 34660 --- [main] o.apache.catalina.core.StandardService   : Starting service [Tomcat]
2022-08-05 15:33:17.762  INFO 34660 --- [main] org.apache.catalina.core.StandardEngine  : Starting Servlet engine: [Apache Tomcat/9.0.39]
2022-08-05 15:33:18.178  INFO 34660 --- [main] o.a.c.c.C.[Tomcat].[localhost].[/]       : Initializing Spring embedded WebApplicationContext
2022-08-05 15:33:18.179  INFO 34660 --- [main] w.s.c.ServletWebServerApplicationContext : Root WebApplicationContext: initialization completed in 2135 ms
2022-08-05 15:33:18.227  INFO 34660 --- [main] com.zaxxer.hikari.HikariDataSource       : HikariPool-1 - Starting...
2022-08-05 15:33:18.344  INFO 34660 --- [main] com.zaxxer.hikari.HikariDataSource       : HikariPool-1 - Start completed.
2022-08-05 15:33:18.350  INFO 34660 --- [main] o.s.b.a.h2.H2ConsoleAutoConfiguration    : H2 console available at '/h2'. Database available at 'jdbc:h2:mem:memDb'
2022-08-05 15:33:18.482  INFO 34660 --- [main] o.s.s.concurrent.ThreadPoolTaskExecutor  : Initializing ExecutorService 'applicationTaskExecutor'
2022-08-05 15:33:18.531  INFO 34660 --- [task-1] o.hibernate.jpa.internal.util.LogHelper  : HHH000204: Processing PersistenceUnitInfo [name: default]
2022-08-05 15:33:18.564  WARN 34660 --- [main] ConfigServletWebServerApplicationContext : Exception encountered during context initialization - cancelling refresh attempt: org.springframework.beans.factory.UnsatisfiedDependencyException: Error creating bean with name 'customerController' defined in file [C:\Users\91865\Downloads\one-to-many-web-service-main\target\classes\com\customer\benefits\loyalty\controller\CustomerController.class]: Unsatisfied dependency expressed through constructor parameter 0; nested exception is org.springframework.beans.factory.UnsatisfiedDependencyException: Error creating bean with name 'customerService': Unsatisfied dependency expressed through field 'thresHoldAmt'; nested exception is org.springframework.beans.TypeMismatchException: Failed to convert value of type 'java.lang.String' to required type 'double'; nested exception is java.lang.NumberFormatException: For input string: "{$threshold.amount}"
2022-08-05 15:33:18.565  INFO 34660 --- [main] j.LocalContainerEntityManagerFactoryBean : Closing JPA EntityManagerFactory for persistence unit 'default'
2022-08-05 15:33:18.580  INFO 34660 --- [task-1] org.hibernate.Version                    : HHH000412: Hibernate ORM core version 5.4.22.Final
2022-08-05 15:33:18.710  INFO 34660 --- [task-1] o.hibernate.annotations.common.Version   : HCANN000001: Hibernate Commons Annotations {5.1.0.Final}
2022-08-05 15:33:18.843  INFO 34660 --- [task-1] org.hibernate.dialect.Dialect            : HHH000400: Using dialect: org.hibernate.dialect.H2Dialect
2022-08-05 15:33:19.471  INFO 34660 --- [task-1] o.h.e.t.j.p.i.JtaPlatformInitiator       : HHH000490: Using JtaPlatform implementation: [org.hibernate.engine.transaction.jta.platform.internal.NoJtaPlatform]
2022-08-05 15:33:19.477  INFO 34660 --- [task-1] j.LocalContainerEntityManagerFactoryBean : Initialized JPA EntityManagerFactory for persistence unit 'default'
2022-08-05 15:33:19.478  INFO 34660 --- [main] .SchemaDropperImpl$DelayedDropActionImpl : HHH000477: Starting delayed evictData of schema as part of SessionFactory shut-down'
2022-08-05 15:33:19.486  INFO 34660 --- [main] o.s.s.concurrent.ThreadPoolTaskExecutor  : Shutting down ExecutorService 'applicationTaskExecutor'
2022-08-05 15:33:19.487  INFO 34660 --- [main] com.zaxxer.hikari.HikariDataSource       : HikariPool-1 - Shutdown initiated...
2022-08-05 15:33:19.488  INFO 34660 --- [main] com.zaxxer.hikari.HikariDataSource       : HikariPool-1 - Shutdown completed.
2022-08-05 15:33:19.488  INFO 34660 --- [main] o.apache.catalina.core.StandardService   : Stopping service [Tomcat]
2022-08-05 15:33:19.500  INFO 34660 --- [main] ConditionEvaluationReportLoggingListener : 

Error starting ApplicationContext. To display the conditions report re-run your application with 'debug' enabled.
2022-08-05 15:33:19.517 ERROR 34660 --- [main] o.s.boot.SpringApplication               : Application run failed

org.springframework.beans.factory.UnsatisfiedDependencyException: Error creating bean with name 'customerController' defined in file [C:\Users\91865\Downloads\one-to-many-web-service-main\target\classes\com\customer\benefits\loyalty\controller\CustomerController.class]: Unsatisfied dependency expressed through constructor parameter 0; nested exception is org.springframework.beans.factory.UnsatisfiedDependencyException: Error creating bean with name 'customerService': Unsatisfied dependency expressed through field 'thresHoldAmt'; nested exception is org.springframework.beans.TypeMismatchException: Failed to convert value of type 'java.lang.String' to required type 'double'; nested exception is java.lang.NumberFormatException: For input string: "{$threshold.amount}"
	at org.springframework.beans.factory.support.ConstructorResolver.createArgumentArray(ConstructorResolver.java:797) ~[spring-beans-5.2.10.RELEASE.jar:5.2.10.RELEASE]
	at org.springframework.beans.factory.support.ConstructorResolver.autowireConstructor(ConstructorResolver.java:227) ~[spring-beans-5.2.10.RELEASE.jar:5.2.10.RELEASE]
	at org.springframework.beans.factory.support.AbstractAutowireCapableBeanFactory.autowireConstructor(AbstractAutowireCapableBeanFactory.java:1356) ~[spring-beans-5.2.10.RELEASE.jar:5.2.10.RELEASE]
	at org.springframework.beans.factory.support.AbstractAutowireCapableBeanFactory.createBeanInstance(AbstractAutowireCapableBeanFactory.java:1203) ~[spring-beans-5.2.10.RELEASE.jar:5.2.10.RELEASE]
	at org.springframework.beans.factory.support.AbstractAutowireCapableBeanFactory.doCreateBean(AbstractAutowireCapableBeanFactory.java:556) ~[spring-beans-5.2.10.RELEASE.jar:5.2.10.RELEASE]
	at org.springframework.beans.factory.support.AbstractAutowireCapableBeanFactory.createBean(AbstractAutowireCapableBeanFactory.java:516) ~[spring-beans-5.2.10.RELEASE.jar:5.2.10.RELEASE]
	at org.springframework.beans.factory.support.AbstractBeanFactory.lambda$doGetBean$0(AbstractBeanFactory.java:324) ~[spring-beans-5.2.10.RELEASE.jar:5.2.10.RELEASE]
	at org.springframework.beans.factory.support.DefaultSingletonBeanRegistry.getSingleton(DefaultSingletonBeanRegistry.java:234) ~[spring-beans-5.2.10.RELEASE.jar:5.2.10.RELEASE]
	at org.springframework.beans.factory.support.AbstractBeanFactory.doGetBean(AbstractBeanFactory.java:322) ~[spring-beans-5.2.10.RELEASE.jar:5.2.10.RELEASE]
	at org.springframework.beans.factory.support.AbstractBeanFactory.getBean(AbstractBeanFactory.java:202) ~[spring-beans-5.2.10.RELEASE.jar:5.2.10.RELEASE]
	at org.springframework.beans.factory.support.DefaultListableBeanFactory.preInstantiateSingletons(DefaultListableBeanFactory.java:897) ~[spring-beans-5.2.10.RELEASE.jar:5.2.10.RELEASE]
	at org.springframework.context.support.AbstractApplicationContext.finishBeanFactoryInitialization(AbstractApplicationContext.java:879) ~[spring-context-5.2.10.RELEASE.jar:5.2.10.RELEASE]
	at org.springframework.context.support.AbstractApplicationContext.refresh(AbstractApplicationContext.java:551) ~[spring-context-5.2.10.RELEASE.jar:5.2.10.RELEASE]
	at org.springframework.boot.web.servlet.context.ServletWebServerApplicationContext.refresh(ServletWebServerApplicationContext.java:143) ~[spring-boot-2.3.5.RELEASE.jar:2.3.5.RELEASE]
	at org.springframework.boot.SpringApplication.refresh(SpringApplication.java:758) ~[spring-boot-2.3.5.RELEASE.jar:2.3.5.RELEASE]
	at org.springframework.boot.SpringApplication.refresh(SpringApplication.java:750) ~[spring-boot-2.3.5.RELEASE.jar:2.3.5.RELEASE]
	at org.springframework.boot.SpringApplication.refreshContext(SpringApplication.java:405) ~[spring-boot-2.3.5.RELEASE.jar:2.3.5.RELEASE]
	at org.springframework.boot.SpringApplication.run(SpringApplication.java:315) ~[spring-boot-2.3.5.RELEASE.jar:2.3.5.RELEASE]
	at org.springframework.boot.SpringApplication.run(SpringApplication.java:1237) ~[spring-boot-2.3.5.RELEASE.jar:2.3.5.RELEASE]
	at org.springframework.boot.SpringApplication.run(SpringApplication.java:1226) ~[spring-boot-2.3.5.RELEASE.jar:2.3.5.RELEASE]
	at com.customer.benefits.loyalty.LoyaltyServiceApplication.main(LoyaltyServiceApplication.java:9) ~[classes/:na]
Caused by: org.springframework.beans.factory.UnsatisfiedDependencyException: Error creating bean with name 'customerService': Unsatisfied dependency expressed through field 'thresHoldAmt'; nested exception is org.springframework.beans.TypeMismatchException: Failed to convert value of type 'java.lang.String' to required type 'double'; nested exception is java.lang.NumberFormatException: For input string: "{$threshold.amount}"
	at org.springframework.beans.factory.annotation.AutowiredAnnotationBeanPostProcessor$AutowiredFieldElement.inject(AutowiredAnnotationBeanPostProcessor.java:643) ~[spring-beans-5.2.10.RELEASE.jar:5.2.10.RELEASE]
	at org.springframework.beans.factory.annotation.InjectionMetadata.inject(InjectionMetadata.java:130) ~[spring-beans-5.2.10.RELEASE.jar:5.2.10.RELEASE]
	at org.springframework.beans.factory.annotation.AutowiredAnnotationBeanPostProcessor.postProcessProperties(AutowiredAnnotationBeanPostProcessor.java:399) ~[spring-beans-5.2.10.RELEASE.jar:5.2.10.RELEASE]
	at org.springframework.beans.factory.support.AbstractAutowireCapableBeanFactory.populateBean(AbstractAutowireCapableBeanFactory.java:1420) ~[spring-beans-5.2.10.RELEASE.jar:5.2.10.RELEASE]
	at org.springframework.beans.factory.support.AbstractAutowireCapableBeanFactory.doCreateBean(AbstractAutowireCapableBeanFactory.java:593) ~[spring-beans-5.2.10.RELEASE.jar:5.2.10.RELEASE]
	at org.springframework.beans.factory.support.AbstractAutowireCapableBeanFactory.createBean(AbstractAutowireCapableBeanFactory.java:516) ~[spring-beans-5.2.10.RELEASE.jar:5.2.10.RELEASE]
	at org.springframework.beans.factory.support.AbstractBeanFactory.lambda$doGetBean$0(AbstractBeanFactory.java:324) ~[spring-beans-5.2.10.RELEASE.jar:5.2.10.RELEASE]
	at org.springframework.beans.factory.support.DefaultSingletonBeanRegistry.getSingleton(DefaultSingletonBeanRegistry.java:234) ~[spring-beans-5.2.10.RELEASE.jar:5.2.10.RELEASE]
	at org.springframework.beans.factory.support.AbstractBeanFactory.doGetBean(AbstractBeanFactory.java:322) ~[spring-beans-5.2.10.RELEASE.jar:5.2.10.RELEASE]
	at org.springframework.beans.factory.support.AbstractBeanFactory.getBean(AbstractBeanFactory.java:202) ~[spring-beans-5.2.10.RELEASE.jar:5.2.10.RELEASE]
	at org.springframework.beans.factory.config.DependencyDescriptor.resolveCandidate(DependencyDescriptor.java:276) ~[spring-beans-5.2.10.RELEASE.jar:5.2.10.RELEASE]
	at org.springframework.beans.factory.support.DefaultListableBeanFactory.doResolveDependency(DefaultListableBeanFactory.java:1307) ~[spring-beans-5.2.10.RELEASE.jar:5.2.10.RELEASE]
	at org.springframework.beans.factory.support.DefaultListableBeanFactory.resolveDependency(DefaultListableBeanFactory.java:1227) ~[spring-beans-5.2.10.RELEASE.jar:5.2.10.RELEASE]
	at org.springframework.beans.factory.support.ConstructorResolver.resolveAutowiredArgument(ConstructorResolver.java:884) ~[spring-beans-5.2.10.RELEASE.jar:5.2.10.RELEASE]
	at org.springframework.beans.factory.support.ConstructorResolver.createArgumentArray(ConstructorResolver.java:788) ~[spring-beans-5.2.10.RELEASE.jar:5.2.10.RELEASE]
	... 20 common frames omitted
Caused by: org.springframework.beans.TypeMismatchException: Failed to convert value of type 'java.lang.String' to required type 'double'; nested exception is java.lang.NumberFormatException: For input string: "{$threshold.amount}"
	at org.springframework.beans.TypeConverterSupport.convertIfNecessary(TypeConverterSupport.java:79) ~[spring-beans-5.2.10.RELEASE.jar:5.2.10.RELEASE]
	at org.springframework.beans.factory.support.DefaultListableBeanFactory.doResolveDependency(DefaultListableBeanFactory.java:1255) ~[spring-beans-5.2.10.RELEASE.jar:5.2.10.RELEASE]
	at org.springframework.beans.factory.support.DefaultListableBeanFactory.resolveDependency(DefaultListableBeanFactory.java:1227) ~[spring-beans-5.2.10.RELEASE.jar:5.2.10.RELEASE]
	at org.springframework.beans.factory.annotation.AutowiredAnnotationBeanPostProcessor$AutowiredFieldElement.inject(AutowiredAnnotationBeanPostProcessor.java:640) ~[spring-beans-5.2.10.RELEASE.jar:5.2.10.RELEASE]
	... 34 common frames omitted
Caused by: java.lang.NumberFormatException: For input string: "{$threshold.amount}"
	at java.base/jdk.internal.math.FloatingDecimal.readJavaFormatString(FloatingDecimal.java:2054) ~[na:na]
	at java.base/jdk.internal.math.FloatingDecimal.parseDouble(FloatingDecimal.java:110) ~[na:na]
	at java.base/java.lang.Double.parseDouble(Double.java:651) ~[na:na]
	at java.base/java.lang.Double.valueOf(Double.java:614) ~[na:na]
	at org.springframework.util.NumberUtils.parseNumber(NumberUtils.java:223) ~[spring-core-5.2.10.RELEASE.jar:5.2.10.RELEASE]
	at org.springframework.beans.propertyeditors.CustomNumberEditor.setAsText(CustomNumberEditor.java:115) ~[spring-beans-5.2.10.RELEASE.jar:5.2.10.RELEASE]
	at org.springframework.beans.TypeConverterDelegate.doConvertTextValue(TypeConverterDelegate.java:429) ~[spring-beans-5.2.10.RELEASE.jar:5.2.10.RELEASE]
	at org.springframework.beans.TypeConverterDelegate.doConvertValue(TypeConverterDelegate.java:402) ~[spring-beans-5.2.10.RELEASE.jar:5.2.10.RELEASE]
	at org.springframework.beans.TypeConverterDelegate.convertIfNecessary(TypeConverterDelegate.java:155) ~[spring-beans-5.2.10.RELEASE.jar:5.2.10.RELEASE]
	at org.springframework.beans.TypeConverterSupport.convertIfNecessary(TypeConverterSupport.java:73) ~[spring-beans-5.2.10.RELEASE.jar:5.2.10.RELEASE]
	... 37 common frames omitted

2022-08-05 15:34:14.877  INFO 11944 --- [main] c.c.b.loyalty.LoyaltyServiceApplication  : Starting LoyaltyServiceApplication on LAPTOP-ATKTSM5R with PID 11944 (C:\Users\91865\Downloads\one-to-many-web-service-main\target\classes started by 91865 in C:\Users\91865\Downloads\one-to-many-web-service-main)
2022-08-05 15:34:14.879  INFO 11944 --- [main] c.c.b.loyalty.LoyaltyServiceApplication  : No active profile set, falling back to default profiles: default
2022-08-05 15:34:15.728  INFO 11944 --- [main] .s.d.r.c.RepositoryConfigurationDelegate : Bootstrapping Spring Data JPA repositories in DEFERRED mode.
2022-08-05 15:34:15.785  INFO 11944 --- [main] .s.d.r.c.RepositoryConfigurationDelegate : Finished Spring Data repository scanning in 50ms. Found 2 JPA repository interfaces.
2022-08-05 15:34:16.222  INFO 11944 --- [main] o.s.b.w.embedded.tomcat.TomcatWebServer  : Tomcat initialized with port(s): 8081 (http)
2022-08-05 15:34:16.228  INFO 11944 --- [main] o.apache.catalina.core.StandardService   : Starting service [Tomcat]
2022-08-05 15:34:16.228  INFO 11944 --- [main] org.apache.catalina.core.StandardEngine  : Starting Servlet engine: [Apache Tomcat/9.0.39]
2022-08-05 15:34:16.483  INFO 11944 --- [main] o.a.c.c.C.[Tomcat].[localhost].[/]       : Initializing Spring embedded WebApplicationContext
2022-08-05 15:34:16.483  INFO 11944 --- [main] w.s.c.ServletWebServerApplicationContext : Root WebApplicationContext: initialization completed in 1560 ms
2022-08-05 15:34:16.525  INFO 11944 --- [main] com.zaxxer.hikari.HikariDataSource       : HikariPool-1 - Starting...
2022-08-05 15:34:16.617  INFO 11944 --- [main] com.zaxxer.hikari.HikariDataSource       : HikariPool-1 - Start completed.
2022-08-05 15:34:16.621  INFO 11944 --- [main] o.s.b.a.h2.H2ConsoleAutoConfiguration    : H2 console available at '/h2'. Database available at 'jdbc:h2:mem:memDb'
2022-08-05 15:34:16.731  INFO 11944 --- [main] o.s.s.concurrent.ThreadPoolTaskExecutor  : Initializing ExecutorService 'applicationTaskExecutor'
2022-08-05 15:34:16.771  INFO 11944 --- [task-1] o.hibernate.jpa.internal.util.LogHelper  : HHH000204: Processing PersistenceUnitInfo [name: default]
2022-08-05 15:34:16.814  INFO 11944 --- [task-1] org.hibernate.Version                    : HHH000412: Hibernate ORM core version 5.4.22.Final
2022-08-05 15:34:16.904  INFO 11944 --- [task-1] o.hibernate.annotations.common.Version   : HCANN000001: Hibernate Commons Annotations {5.1.0.Final}
2022-08-05 15:34:16.989  INFO 11944 --- [task-1] org.hibernate.dialect.Dialect            : HHH000400: Using dialect: org.hibernate.dialect.H2Dialect
2022-08-05 15:34:17.015  WARN 11944 --- [main] JpaBaseConfiguration$JpaWebConfiguration : spring.jpa.open-in-view is enabled by default. Therefore, database queries may be performed during view rendering. Explicitly configure spring.jpa.open-in-view to disable this warning
2022-08-05 15:34:17.381  INFO 11944 --- [main] o.s.b.w.embedded.tomcat.TomcatWebServer  : Tomcat started on port(s): 8081 (http) with context path ''
2022-08-05 15:34:17.537  INFO 11944 --- [task-1] o.h.e.t.j.p.i.JtaPlatformInitiator       : HHH000490: Using JtaPlatform implementation: [org.hibernate.engine.transaction.jta.platform.internal.NoJtaPlatform]
2022-08-05 15:34:17.544  INFO 11944 --- [task-1] j.LocalContainerEntityManagerFactoryBean : Initialized JPA EntityManagerFactory for persistence unit 'default'
2022-08-05 15:34:17.610  INFO 11944 --- [main] DeferredRepositoryInitializationListener : Triggering deferred initialization of Spring Data repositories
2022-08-05 15:34:17.769  INFO 11944 --- [main] DeferredRepositoryInitializationListener : Spring Data repositories initialized!
2022-08-05 15:34:17.777  INFO 11944 --- [main] c.c.b.loyalty.LoyaltyServiceApplication  : Started LoyaltyServiceApplication in 3.199 seconds (JVM running for 3.861)
2022-08-05 15:34:24.425  INFO 11944 --- [http-nio-8081-exec-1] o.a.c.c.C.[Tomcat].[localhost].[/]       : Initializing Spring DispatcherServlet 'dispatcherServlet'
2022-08-05 15:34:24.425  INFO 11944 --- [http-nio-8081-exec-1] o.s.web.servlet.DispatcherServlet        : Initializing Servlet 'dispatcherServlet'
2022-08-05 15:34:24.441  INFO 11944 --- [http-nio-8081-exec-1] o.s.web.servlet.DispatcherServlet        : Completed initialization in 16 ms
2022-08-05 15:41:15.387  INFO 11944 --- [SpringContextShutdownHook] j.LocalContainerEntityManagerFactoryBean : Closing JPA EntityManagerFactory for persistence unit 'default'
2022-08-05 15:41:15.387  INFO 11944 --- [SpringContextShutdownHook] .SchemaDropperImpl$DelayedDropActionImpl : HHH000477: Starting delayed evictData of schema as part of SessionFactory shut-down'
2022-08-05 15:41:15.523  INFO 11944 --- [SpringContextShutdownHook] o.s.s.concurrent.ThreadPoolTaskExecutor  : Shutting down ExecutorService 'applicationTaskExecutor'
2022-08-05 15:41:15.523  INFO 11944 --- [SpringContextShutdownHook] com.zaxxer.hikari.HikariDataSource       : HikariPool-1 - Shutdown initiated...
2022-08-05 15:41:15.527  INFO 11944 --- [SpringContextShutdownHook] com.zaxxer.hikari.HikariDataSource       : HikariPool-1 - Shutdown completed.
2022-08-05 15:41:33.852  INFO 24744 --- [main] c.c.b.loyalty.LoyaltyServiceApplication  : Starting LoyaltyServiceApplication on LAPTOP-ATKTSM5R with PID 24744 (C:\Users\91865\Downloads\one-to-many-web-service-main\target\classes started by 91865 in C:\Users\91865\Downloads\one-to-many-web-service-main)
2022-08-05 15:41:33.854  INFO 24744 --- [main] c.c.b.loyalty.LoyaltyServiceApplication  : No active profile set, falling back to default profiles: default
2022-08-05 15:41:34.696  INFO 24744 --- [main] .s.d.r.c.RepositoryConfigurationDelegate : Bootstrapping Spring Data JPA repositories in DEFERRED mode.
2022-08-05 15:41:34.757  INFO 24744 --- [main] .s.d.r.c.RepositoryConfigurationDelegate : Finished Spring Data repository scanning in 54ms. Found 2 JPA repository interfaces.
2022-08-05 15:41:35.221  INFO 24744 --- [main] o.s.b.w.embedded.tomcat.TomcatWebServer  : Tomcat initialized with port(s): 8081 (http)
2022-08-05 15:41:35.231  INFO 24744 --- [main] o.apache.catalina.core.StandardService   : Starting service [Tomcat]
2022-08-05 15:41:35.231  INFO 24744 --- [main] org.apache.catalina.core.StandardEngine  : Starting Servlet engine: [Apache Tomcat/9.0.39]
2022-08-05 15:41:35.487  INFO 24744 --- [main] o.a.c.c.C.[Tomcat].[localhost].[/]       : Initializing Spring embedded WebApplicationContext
2022-08-05 15:41:35.488  INFO 24744 --- [main] w.s.c.ServletWebServerApplicationContext : Root WebApplicationContext: initialization completed in 1590 ms
2022-08-05 15:41:35.531  INFO 24744 --- [main] com.zaxxer.hikari.HikariDataSource       : HikariPool-1 - Starting...
2022-08-05 15:41:35.622  INFO 24744 --- [main] com.zaxxer.hikari.HikariDataSource       : HikariPool-1 - Start completed.
2022-08-05 15:41:35.628  INFO 24744 --- [main] o.s.b.a.h2.H2ConsoleAutoConfiguration    : H2 console available at '/h2'. Database available at 'jdbc:h2:mem:memDb'
2022-08-05 15:41:35.730  INFO 24744 --- [main] o.s.s.concurrent.ThreadPoolTaskExecutor  : Initializing ExecutorService 'applicationTaskExecutor'
2022-08-05 15:41:35.775  INFO 24744 --- [task-1] o.hibernate.jpa.internal.util.LogHelper  : HHH000204: Processing PersistenceUnitInfo [name: default]
2022-08-05 15:41:35.819  INFO 24744 --- [task-1] org.hibernate.Version                    : HHH000412: Hibernate ORM core version 5.4.22.Final
2022-08-05 15:41:35.913  INFO 24744 --- [task-1] o.hibernate.annotations.common.Version   : HCANN000001: Hibernate Commons Annotations {5.1.0.Final}
2022-08-05 15:41:36.007  INFO 24744 --- [task-1] org.hibernate.dialect.Dialect            : HHH000400: Using dialect: org.hibernate.dialect.H2Dialect
2022-08-05 15:41:36.027  WARN 24744 --- [main] JpaBaseConfiguration$JpaWebConfiguration : spring.jpa.open-in-view is enabled by default. Therefore, database queries may be performed during view rendering. Explicitly configure spring.jpa.open-in-view to disable this warning
2022-08-05 15:41:36.089  WARN 24744 --- [main] ConfigServletWebServerApplicationContext : Exception encountered during context initialization - cancelling refresh attempt: org.springframework.beans.factory.UnsatisfiedDependencyException: Error creating bean with name 'documentationPluginsBootstrapper' defined in URL [jar:file:/C:/Users/91865/.m2/repository/io/springfox/springfox-spring-web/3.0.0/springfox-spring-web-3.0.0.jar!/springfox/documentation/spring/web/plugins/DocumentationPluginsBootstrapper.class]: Unsatisfied dependency expressed through constructor parameter 1; nested exception is org.springframework.beans.factory.UnsatisfiedDependencyException: Error creating bean with name 'webMvcRequestHandlerProvider' defined in URL [jar:file:/C:/Users/91865/.m2/repository/io/springfox/springfox-spring-webmvc/3.0.0/springfox-spring-webmvc-3.0.0.jar!/springfox/documentation/spring/web/plugins/WebMvcRequestHandlerProvider.class]: Unsatisfied dependency expressed through constructor parameter 2; nested exception is org.springframework.beans.factory.BeanCreationException: Error creating bean with name 'requestMappingHandlerMapping' defined in class path resource [org/springframework/web/servlet/config/annotation/DelegatingWebMvcConfiguration.class]: Invocation of init method failed; nested exception is java.lang.IllegalStateException: Ambiguous mapping. Cannot map 'customerController' method 
com.customer.benefits.loyalty.controller.CustomerController#getAllPendingPoints(Long)
to {GET /customers/available/{id}}: There is already 'customerController' bean method
com.customer.benefits.loyalty.controller.CustomerController#getAllAvailablePoints(Long) mapped.
2022-08-05 15:41:36.091  INFO 24744 --- [main] j.LocalContainerEntityManagerFactoryBean : Closing JPA EntityManagerFactory for persistence unit 'default'
2022-08-05 15:41:36.538  INFO 24744 --- [task-1] o.h.e.t.j.p.i.JtaPlatformInitiator       : HHH000490: Using JtaPlatform implementation: [org.hibernate.engine.transaction.jta.platform.internal.NoJtaPlatform]
2022-08-05 15:41:36.544  INFO 24744 --- [task-1] j.LocalContainerEntityManagerFactoryBean : Initialized JPA EntityManagerFactory for persistence unit 'default'
2022-08-05 15:41:36.545  INFO 24744 --- [main] .SchemaDropperImpl$DelayedDropActionImpl : HHH000477: Starting delayed evictData of schema as part of SessionFactory shut-down'
2022-08-05 15:41:36.554  INFO 24744 --- [main] o.s.s.concurrent.ThreadPoolTaskExecutor  : Shutting down ExecutorService 'applicationTaskExecutor'
2022-08-05 15:41:36.554  INFO 24744 --- [main] com.zaxxer.hikari.HikariDataSource       : HikariPool-1 - Shutdown initiated...
2022-08-05 15:41:36.556  INFO 24744 --- [main] com.zaxxer.hikari.HikariDataSource       : HikariPool-1 - Shutdown completed.
2022-08-05 15:41:36.557  INFO 24744 --- [main] o.apache.catalina.core.StandardService   : Stopping service [Tomcat]
2022-08-05 15:41:36.567  INFO 24744 --- [main] ConditionEvaluationReportLoggingListener : 

Error starting ApplicationContext. To display the conditions report re-run your application with 'debug' enabled.
2022-08-05 15:41:36.577 ERROR 24744 --- [main] o.s.boot.SpringApplication               : Application run failed

org.springframework.beans.factory.UnsatisfiedDependencyException: Error creating bean with name 'documentationPluginsBootstrapper' defined in URL [jar:file:/C:/Users/91865/.m2/repository/io/springfox/springfox-spring-web/3.0.0/springfox-spring-web-3.0.0.jar!/springfox/documentation/spring/web/plugins/DocumentationPluginsBootstrapper.class]: Unsatisfied dependency expressed through constructor parameter 1; nested exception is org.springframework.beans.factory.UnsatisfiedDependencyException: Error creating bean with name 'webMvcRequestHandlerProvider' defined in URL [jar:file:/C:/Users/91865/.m2/repository/io/springfox/springfox-spring-webmvc/3.0.0/springfox-spring-webmvc-3.0.0.jar!/springfox/documentation/spring/web/plugins/WebMvcRequestHandlerProvider.class]: Unsatisfied dependency expressed through constructor parameter 2; nested exception is org.springframework.beans.factory.BeanCreationException: Error creating bean with name 'requestMappingHandlerMapping' defined in class path resource [org/springframework/web/servlet/config/annotation/DelegatingWebMvcConfiguration.class]: Invocation of init method failed; nested exception is java.lang.IllegalStateException: Ambiguous mapping. Cannot map 'customerController' method 
com.customer.benefits.loyalty.controller.CustomerController#getAllPendingPoints(Long)
to {GET /customers/available/{id}}: There is already 'customerController' bean method
com.customer.benefits.loyalty.controller.CustomerController#getAllAvailablePoints(Long) mapped.
	at org.springframework.beans.factory.support.ConstructorResolver.createArgumentArray(ConstructorResolver.java:797) ~[spring-beans-5.2.10.RELEASE.jar:5.2.10.RELEASE]
	at org.springframework.beans.factory.support.ConstructorResolver.autowireConstructor(ConstructorResolver.java:227) ~[spring-beans-5.2.10.RELEASE.jar:5.2.10.RELEASE]
	at org.springframework.beans.factory.support.AbstractAutowireCapableBeanFactory.autowireConstructor(AbstractAutowireCapableBeanFactory.java:1356) ~[spring-beans-5.2.10.RELEASE.jar:5.2.10.RELEASE]
	at org.springframework.beans.factory.support.AbstractAutowireCapableBeanFactory.createBeanInstance(AbstractAutowireCapableBeanFactory.java:1203) ~[spring-beans-5.2.10.RELEASE.jar:5.2.10.RELEASE]
	at org.springframework.beans.factory.support.AbstractAutowireCapableBeanFactory.doCreateBean(AbstractAutowireCapableBeanFactory.java:556) ~[spring-beans-5.2.10.RELEASE.jar:5.2.10.RELEASE]
	at org.springframework.beans.factory.support.AbstractAutowireCapableBeanFactory.createBean(AbstractAutowireCapableBeanFactory.java:516) ~[spring-beans-5.2.10.RELEASE.jar:5.2.10.RELEASE]
	at org.springframework.beans.factory.support.AbstractBeanFactory.lambda$doGetBean$0(AbstractBeanFactory.java:324) ~[spring-beans-5.2.10.RELEASE.jar:5.2.10.RELEASE]
	at org.springframework.beans.factory.support.DefaultSingletonBeanRegistry.getSingleton(DefaultSingletonBeanRegistry.java:234) ~[spring-beans-5.2.10.RELEASE.jar:5.2.10.RELEASE]
	at org.springframework.beans.factory.support.AbstractBeanFactory.doGetBean(AbstractBeanFactory.java:322) ~[spring-beans-5.2.10.RELEASE.jar:5.2.10.RELEASE]
	at org.springframework.beans.factory.support.AbstractBeanFactory.getBean(AbstractBeanFactory.java:202) ~[spring-beans-5.2.10.RELEASE.jar:5.2.10.RELEASE]
	at org.springframework.beans.factory.support.DefaultListableBeanFactory.preInstantiateSingletons(DefaultListableBeanFactory.java:897) ~[spring-beans-5.2.10.RELEASE.jar:5.2.10.RELEASE]
	at org.springframework.context.support.AbstractApplicationContext.finishBeanFactoryInitialization(AbstractApplicationContext.java:879) ~[spring-context-5.2.10.RELEASE.jar:5.2.10.RELEASE]
	at org.springframework.context.support.AbstractApplicationContext.refresh(AbstractApplicationContext.java:551) ~[spring-context-5.2.10.RELEASE.jar:5.2.10.RELEASE]
	at org.springframework.boot.web.servlet.context.ServletWebServerApplicationContext.refresh(ServletWebServerApplicationContext.java:143) ~[spring-boot-2.3.5.RELEASE.jar:2.3.5.RELEASE]
	at org.springframework.boot.SpringApplication.refresh(SpringApplication.java:758) ~[spring-boot-2.3.5.RELEASE.jar:2.3.5.RELEASE]
	at org.springframework.boot.SpringApplication.refresh(SpringApplication.java:750) ~[spring-boot-2.3.5.RELEASE.jar:2.3.5.RELEASE]
	at org.springframework.boot.SpringApplication.refreshContext(SpringApplication.java:405) ~[spring-boot-2.3.5.RELEASE.jar:2.3.5.RELEASE]
	at org.springframework.boot.SpringApplication.run(SpringApplication.java:315) ~[spring-boot-2.3.5.RELEASE.jar:2.3.5.RELEASE]
	at org.springframework.boot.SpringApplication.run(SpringApplication.java:1237) ~[spring-boot-2.3.5.RELEASE.jar:2.3.5.RELEASE]
	at org.springframework.boot.SpringApplication.run(SpringApplication.java:1226) ~[spring-boot-2.3.5.RELEASE.jar:2.3.5.RELEASE]
	at com.customer.benefits.loyalty.LoyaltyServiceApplication.main(LoyaltyServiceApplication.java:9) ~[classes/:na]
Caused by: org.springframework.beans.factory.UnsatisfiedDependencyException: Error creating bean with name 'webMvcRequestHandlerProvider' defined in URL [jar:file:/C:/Users/91865/.m2/repository/io/springfox/springfox-spring-webmvc/3.0.0/springfox-spring-webmvc-3.0.0.jar!/springfox/documentation/spring/web/plugins/WebMvcRequestHandlerProvider.class]: Unsatisfied dependency expressed through constructor parameter 2; nested exception is org.springframework.beans.factory.BeanCreationException: Error creating bean with name 'requestMappingHandlerMapping' defined in class path resource [org/springframework/web/servlet/config/annotation/DelegatingWebMvcConfiguration.class]: Invocation of init method failed; nested exception is java.lang.IllegalStateException: Ambiguous mapping. Cannot map 'customerController' method 
com.customer.benefits.loyalty.controller.CustomerController#getAllPendingPoints(Long)
to {GET /customers/available/{id}}: There is already 'customerController' bean method
com.customer.benefits.loyalty.controller.CustomerController#getAllAvailablePoints(Long) mapped.
	at org.springframework.beans.factory.support.ConstructorResolver.createArgumentArray(ConstructorResolver.java:797) ~[spring-beans-5.2.10.RELEASE.jar:5.2.10.RELEASE]
	at org.springframework.beans.factory.support.ConstructorResolver.autowireConstructor(ConstructorResolver.java:227) ~[spring-beans-5.2.10.RELEASE.jar:5.2.10.RELEASE]
	at org.springframework.beans.factory.support.AbstractAutowireCapableBeanFactory.autowireConstructor(AbstractAutowireCapableBeanFactory.java:1356) ~[spring-beans-5.2.10.RELEASE.jar:5.2.10.RELEASE]
	at org.springframework.beans.factory.support.AbstractAutowireCapableBeanFactory.createBeanInstance(AbstractAutowireCapableBeanFactory.java:1203) ~[spring-beans-5.2.10.RELEASE.jar:5.2.10.RELEASE]
	at org.springframework.beans.factory.support.AbstractAutowireCapableBeanFactory.doCreateBean(AbstractAutowireCapableBeanFactory.java:556) ~[spring-beans-5.2.10.RELEASE.jar:5.2.10.RELEASE]
	at org.springframework.beans.factory.support.AbstractAutowireCapableBeanFactory.createBean(AbstractAutowireCapableBeanFactory.java:516) ~[spring-beans-5.2.10.RELEASE.jar:5.2.10.RELEASE]
	at org.springframework.beans.factory.support.AbstractBeanFactory.lambda$doGetBean$0(AbstractBeanFactory.java:324) ~[spring-beans-5.2.10.RELEASE.jar:5.2.10.RELEASE]
	at org.springframework.beans.factory.support.DefaultSingletonBeanRegistry.getSingleton(DefaultSingletonBeanRegistry.java:234) ~[spring-beans-5.2.10.RELEASE.jar:5.2.10.RELEASE]
	at org.springframework.beans.factory.support.AbstractBeanFactory.doGetBean(AbstractBeanFactory.java:322) ~[spring-beans-5.2.10.RELEASE.jar:5.2.10.RELEASE]
	at org.springframework.beans.factory.support.AbstractBeanFactory.getBean(AbstractBeanFactory.java:202) ~[spring-beans-5.2.10.RELEASE.jar:5.2.10.RELEASE]
	at org.springframework.beans.factory.config.DependencyDescriptor.resolveCandidate(DependencyDescriptor.java:276) ~[spring-beans-5.2.10.RELEASE.jar:5.2.10.RELEASE]
	at org.springframework.beans.factory.support.DefaultListableBeanFactory.addCandidateEntry(DefaultListableBeanFactory.java:1525) ~[spring-beans-5.2.10.RELEASE.jar:5.2.10.RELEASE]
	at org.springframework.beans.factory.support.DefaultListableBeanFactory.findAutowireCandidates(DefaultListableBeanFactory.java:1489) ~[spring-beans-5.2.10.RELEASE.jar:5.2.10.RELEASE]
	at org.springframework.beans.factory.support.DefaultListableBeanFactory.resolveMultipleBeans(DefaultListableBeanFactory.java:1378) ~[spring-beans-5.2.10.RELEASE.jar:5.2.10.RELEASE]
	at org.springframework.beans.factory.support.DefaultListableBeanFactory.doResolveDependency(DefaultListableBeanFactory.java:1265) ~[spring-beans-5.2.10.RELEASE.jar:5.2.10.RELEASE]
	at org.springframework.beans.factory.support.DefaultListableBeanFactory.resolveDependency(DefaultListableBeanFactory.java:1227) ~[spring-beans-5.2.10.RELEASE.jar:5.2.10.RELEASE]
	at org.springframework.beans.factory.support.ConstructorResolver.resolveAutowiredArgument(ConstructorResolver.java:884) ~[spring-beans-5.2.10.RELEASE.jar:5.2.10.RELEASE]
	at org.springframework.beans.factory.support.ConstructorResolver.createArgumentArray(ConstructorResolver.java:788) ~[spring-beans-5.2.10.RELEASE.jar:5.2.10.RELEASE]
	... 20 common frames omitted
Caused by: org.springframework.beans.factory.BeanCreationException: Error creating bean with name 'requestMappingHandlerMapping' defined in class path resource [org/springframework/web/servlet/config/annotation/DelegatingWebMvcConfiguration.class]: Invocation of init method failed; nested exception is java.lang.IllegalStateException: Ambiguous mapping. Cannot map 'customerController' method 
com.customer.benefits.loyalty.controller.CustomerController#getAllPendingPoints(Long)
to {GET /customers/available/{id}}: There is already 'customerController' bean method
com.customer.benefits.loyalty.controller.CustomerController#getAllAvailablePoints(Long) mapped.
	at org.springframework.beans.factory.support.AbstractAutowireCapableBeanFactory.initializeBean(AbstractAutowireCapableBeanFactory.java:1794) ~[spring-beans-5.2.10.RELEASE.jar:5.2.10.RELEASE]
	at org.springframework.beans.factory.support.AbstractAutowireCapableBeanFactory.doCreateBean(AbstractAutowireCapableBeanFactory.java:594) ~[spring-beans-5.2.10.RELEASE.jar:5.2.10.RELEASE]
	at org.springframework.beans.factory.support.AbstractAutowireCapableBeanFactory.createBean(AbstractAutowireCapableBeanFactory.java:516) ~[spring-beans-5.2.10.RELEASE.jar:5.2.10.RELEASE]
	at org.springframework.beans.factory.support.AbstractBeanFactory.lambda$doGetBean$0(AbstractBeanFactory.java:324) ~[spring-beans-5.2.10.RELEASE.jar:5.2.10.RELEASE]
	at org.springframework.beans.factory.support.DefaultSingletonBeanRegistry.getSingleton(DefaultSingletonBeanRegistry.java:234) ~[spring-beans-5.2.10.RELEASE.jar:5.2.10.RELEASE]
	at org.springframework.beans.factory.support.AbstractBeanFactory.doGetBean(AbstractBeanFactory.java:322) ~[spring-beans-5.2.10.RELEASE.jar:5.2.10.RELEASE]
	at org.springframework.beans.factory.support.AbstractBeanFactory.getBean(AbstractBeanFactory.java:202) ~[spring-beans-5.2.10.RELEASE.jar:5.2.10.RELEASE]
	at org.springframework.beans.factory.config.DependencyDescriptor.resolveCandidate(DependencyDescriptor.java:276) ~[spring-beans-5.2.10.RELEASE.jar:5.2.10.RELEASE]
	at org.springframework.beans.factory.support.DefaultListableBeanFactory.addCandidateEntry(DefaultListableBeanFactory.java:1525) ~[spring-beans-5.2.10.RELEASE.jar:5.2.10.RELEASE]
	at org.springframework.beans.factory.support.DefaultListableBeanFactory.findAutowireCandidates(DefaultListableBeanFactory.java:1489) ~[spring-beans-5.2.10.RELEASE.jar:5.2.10.RELEASE]
	at org.springframework.beans.factory.support.DefaultListableBeanFactory.resolveMultipleBeans(DefaultListableBeanFactory.java:1378) ~[spring-beans-5.2.10.RELEASE.jar:5.2.10.RELEASE]
	at org.springframework.beans.factory.support.DefaultListableBeanFactory.doResolveDependency(DefaultListableBeanFactory.java:1265) ~[spring-beans-5.2.10.RELEASE.jar:5.2.10.RELEASE]
	at org.springframework.beans.factory.support.DefaultListableBeanFactory.resolveDependency(DefaultListableBeanFactory.java:1227) ~[spring-beans-5.2.10.RELEASE.jar:5.2.10.RELEASE]
	at org.springframework.beans.factory.support.ConstructorResolver.resolveAutowiredArgument(ConstructorResolver.java:884) ~[spring-beans-5.2.10.RELEASE.jar:5.2.10.RELEASE]
	at org.springframework.beans.factory.support.ConstructorResolver.createArgumentArray(ConstructorResolver.java:788) ~[spring-beans-5.2.10.RELEASE.jar:5.2.10.RELEASE]
	... 37 common frames omitted
Caused by: java.lang.IllegalStateException: Ambiguous mapping. Cannot map 'customerController' method 
com.customer.benefits.loyalty.controller.CustomerController#getAllPendingPoints(Long)
to {GET /customers/available/{id}}: There is already 'customerController' bean method
com.customer.benefits.loyalty.controller.CustomerController#getAllAvailablePoints(Long) mapped.
	at org.springframework.web.servlet.handler.AbstractHandlerMethodMapping$MappingRegistry.validateMethodMapping(AbstractHandlerMethodMapping.java:636) ~[spring-webmvc-5.2.10.RELEASE.jar:5.2.10.RELEASE]
	at org.springframework.web.servlet.handler.AbstractHandlerMethodMapping$MappingRegistry.register(AbstractHandlerMethodMapping.java:603) ~[spring-webmvc-5.2.10.RELEASE.jar:5.2.10.RELEASE]
	at org.springframework.web.servlet.handler.AbstractHandlerMethodMapping.registerHandlerMethod(AbstractHandlerMethodMapping.java:318) ~[spring-webmvc-5.2.10.RELEASE.jar:5.2.10.RELEASE]
	at org.springframework.web.servlet.mvc.method.annotation.RequestMappingHandlerMapping.registerHandlerMethod(RequestMappingHandlerMapping.java:378) ~[spring-webmvc-5.2.10.RELEASE.jar:5.2.10.RELEASE]
	at org.springframework.web.servlet.mvc.method.annotation.RequestMappingHandlerMapping.registerHandlerMethod(RequestMappingHandlerMapping.java:75) ~[spring-webmvc-5.2.10.RELEASE.jar:5.2.10.RELEASE]
	at org.springframework.web.servlet.handler.AbstractHandlerMethodMapping.lambda$detectHandlerMethods$1(AbstractHandlerMethodMapping.java:288) ~[spring-webmvc-5.2.10.RELEASE.jar:5.2.10.RELEASE]
	at java.base/java.util.LinkedHashMap.forEach(LinkedHashMap.java:721) ~[na:na]
	at org.springframework.web.servlet.handler.AbstractHandlerMethodMapping.detectHandlerMethods(AbstractHandlerMethodMapping.java:286) ~[spring-webmvc-5.2.10.RELEASE.jar:5.2.10.RELEASE]
	at org.springframework.web.servlet.handler.AbstractHandlerMethodMapping.processCandidateBean(AbstractHandlerMethodMapping.java:258) ~[spring-webmvc-5.2.10.RELEASE.jar:5.2.10.RELEASE]
	at org.springframework.web.servlet.handler.AbstractHandlerMethodMapping.initHandlerMethods(AbstractHandlerMethodMapping.java:217) ~[spring-webmvc-5.2.10.RELEASE.jar:5.2.10.RELEASE]
	at org.springframework.web.servlet.handler.AbstractHandlerMethodMapping.afterPropertiesSet(AbstractHandlerMethodMapping.java:205) ~[spring-webmvc-5.2.10.RELEASE.jar:5.2.10.RELEASE]
	at org.springframework.web.servlet.mvc.method.annotation.RequestMappingHandlerMapping.afterPropertiesSet(RequestMappingHandlerMapping.java:189) ~[spring-webmvc-5.2.10.RELEASE.jar:5.2.10.RELEASE]
	at org.springframework.beans.factory.support.AbstractAutowireCapableBeanFactory.invokeInitMethods(AbstractAutowireCapableBeanFactory.java:1853) ~[spring-beans-5.2.10.RELEASE.jar:5.2.10.RELEASE]
	at org.springframework.beans.factory.support.AbstractAutowireCapableBeanFactory.initializeBean(AbstractAutowireCapableBeanFactory.java:1790) ~[spring-beans-5.2.10.RELEASE.jar:5.2.10.RELEASE]
	... 51 common frames omitted

2022-08-05 15:41:54.315  INFO 23660 --- [main] c.c.b.loyalty.LoyaltyServiceApplication  : Starting LoyaltyServiceApplication on LAPTOP-ATKTSM5R with PID 23660 (C:\Users\91865\Downloads\one-to-many-web-service-main\target\classes started by 91865 in C:\Users\91865\Downloads\one-to-many-web-service-main)
2022-08-05 15:41:54.318  INFO 23660 --- [main] c.c.b.loyalty.LoyaltyServiceApplication  : No active profile set, falling back to default profiles: default
2022-08-05 15:41:55.242  INFO 23660 --- [main] .s.d.r.c.RepositoryConfigurationDelegate : Bootstrapping Spring Data JPA repositories in DEFERRED mode.
2022-08-05 15:41:55.303  INFO 23660 --- [main] .s.d.r.c.RepositoryConfigurationDelegate : Finished Spring Data repository scanning in 53ms. Found 2 JPA repository interfaces.
2022-08-05 15:41:55.756  INFO 23660 --- [main] o.s.b.w.embedded.tomcat.TomcatWebServer  : Tomcat initialized with port(s): 8081 (http)
2022-08-05 15:41:55.764  INFO 23660 --- [main] o.apache.catalina.core.StandardService   : Starting service [Tomcat]
2022-08-05 15:41:55.764  INFO 23660 --- [main] org.apache.catalina.core.StandardEngine  : Starting Servlet engine: [Apache Tomcat/9.0.39]
2022-08-05 15:41:56.024  INFO 23660 --- [main] o.a.c.c.C.[Tomcat].[localhost].[/]       : Initializing Spring embedded WebApplicationContext
2022-08-05 15:41:56.024  INFO 23660 --- [main] w.s.c.ServletWebServerApplicationContext : Root WebApplicationContext: initialization completed in 1664 ms
2022-08-05 15:41:56.066  INFO 23660 --- [main] com.zaxxer.hikari.HikariDataSource       : HikariPool-1 - Starting...
2022-08-05 15:41:56.168  INFO 23660 --- [main] com.zaxxer.hikari.HikariDataSource       : HikariPool-1 - Start completed.
2022-08-05 15:41:56.175  INFO 23660 --- [main] o.s.b.a.h2.H2ConsoleAutoConfiguration    : H2 console available at '/h2'. Database available at 'jdbc:h2:mem:memDb'
2022-08-05 15:41:56.326  INFO 23660 --- [main] o.s.s.concurrent.ThreadPoolTaskExecutor  : Initializing ExecutorService 'applicationTaskExecutor'
2022-08-05 15:41:56.368  INFO 23660 --- [task-1] o.hibernate.jpa.internal.util.LogHelper  : HHH000204: Processing PersistenceUnitInfo [name: default]
2022-08-05 15:41:56.412  INFO 23660 --- [task-1] org.hibernate.Version                    : HHH000412: Hibernate ORM core version 5.4.22.Final
2022-08-05 15:41:56.509  INFO 23660 --- [task-1] o.hibernate.annotations.common.Version   : HCANN000001: Hibernate Commons Annotations {5.1.0.Final}
2022-08-05 15:41:56.613  INFO 23660 --- [task-1] org.hibernate.dialect.Dialect            : HHH000400: Using dialect: org.hibernate.dialect.H2Dialect
2022-08-05 15:41:56.663  WARN 23660 --- [main] JpaBaseConfiguration$JpaWebConfiguration : spring.jpa.open-in-view is enabled by default. Therefore, database queries may be performed during view rendering. Explicitly configure spring.jpa.open-in-view to disable this warning
2022-08-05 15:41:57.098  INFO 23660 --- [main] o.s.b.w.embedded.tomcat.TomcatWebServer  : Tomcat started on port(s): 8081 (http) with context path ''
2022-08-05 15:41:57.283  INFO 23660 --- [task-1] o.h.e.t.j.p.i.JtaPlatformInitiator       : HHH000490: Using JtaPlatform implementation: [org.hibernate.engine.transaction.jta.platform.internal.NoJtaPlatform]
2022-08-05 15:41:57.292  INFO 23660 --- [task-1] j.LocalContainerEntityManagerFactoryBean : Initialized JPA EntityManagerFactory for persistence unit 'default'
2022-08-05 15:41:57.392  INFO 23660 --- [main] DeferredRepositoryInitializationListener : Triggering deferred initialization of Spring Data repositories
2022-08-05 15:41:57.606  INFO 23660 --- [main] DeferredRepositoryInitializationListener : Spring Data repositories initialized!
2022-08-05 15:41:57.621  INFO 23660 --- [main] c.c.b.loyalty.LoyaltyServiceApplication  : Started LoyaltyServiceApplication in 3.628 seconds (JVM running for 4.318)
2022-08-05 15:42:08.554  INFO 23660 --- [http-nio-8081-exec-1] o.a.c.c.C.[Tomcat].[localhost].[/]       : Initializing Spring DispatcherServlet 'dispatcherServlet'
2022-08-05 15:42:08.554  INFO 23660 --- [http-nio-8081-exec-1] o.s.web.servlet.DispatcherServlet        : Initializing Servlet 'dispatcherServlet'
2022-08-05 15:42:08.559  INFO 23660 --- [http-nio-8081-exec-1] o.s.web.servlet.DispatcherServlet        : Completed initialization in 5 ms
2022-08-05 15:47:31.643  INFO 23660 --- [SpringContextShutdownHook] j.LocalContainerEntityManagerFactoryBean : Closing JPA EntityManagerFactory for persistence unit 'default'
2022-08-05 15:47:31.643  INFO 23660 --- [SpringContextShutdownHook] .SchemaDropperImpl$DelayedDropActionImpl : HHH000477: Starting delayed evictData of schema as part of SessionFactory shut-down'
2022-08-05 15:47:31.782  INFO 23660 --- [SpringContextShutdownHook] o.s.s.concurrent.ThreadPoolTaskExecutor  : Shutting down ExecutorService 'applicationTaskExecutor'
2022-08-05 15:47:31.782  INFO 23660 --- [SpringContextShutdownHook] com.zaxxer.hikari.HikariDataSource       : HikariPool-1 - Shutdown initiated...
2022-08-05 15:47:31.782  INFO 23660 --- [SpringContextShutdownHook] com.zaxxer.hikari.HikariDataSource       : HikariPool-1 - Shutdown completed.
2022-08-05 15:47:36.374  INFO 28300 --- [main] c.c.b.loyalty.LoyaltyServiceApplication  : Starting LoyaltyServiceApplication on LAPTOP-ATKTSM5R with PID 28300 (C:\Users\91865\Downloads\one-to-many-web-service-main\target\classes started by 91865 in C:\Users\91865\Downloads\one-to-many-web-service-main)
2022-08-05 15:47:36.376  INFO 28300 --- [main] c.c.b.loyalty.LoyaltyServiceApplication  : No active profile set, falling back to default profiles: default
2022-08-05 15:47:37.261  INFO 28300 --- [main] .s.d.r.c.RepositoryConfigurationDelegate : Bootstrapping Spring Data JPA repositories in DEFERRED mode.
2022-08-05 15:47:37.324  INFO 28300 --- [main] .s.d.r.c.RepositoryConfigurationDelegate : Finished Spring Data repository scanning in 54ms. Found 2 JPA repository interfaces.
2022-08-05 15:47:37.763  INFO 28300 --- [main] o.s.b.w.embedded.tomcat.TomcatWebServer  : Tomcat initialized with port(s): 8081 (http)
2022-08-05 15:47:37.771  INFO 28300 --- [main] o.apache.catalina.core.StandardService   : Starting service [Tomcat]
2022-08-05 15:47:37.771  INFO 28300 --- [main] org.apache.catalina.core.StandardEngine  : Starting Servlet engine: [Apache Tomcat/9.0.39]
2022-08-05 15:47:38.071  INFO 28300 --- [main] o.a.c.c.C.[Tomcat].[localhost].[/]       : Initializing Spring embedded WebApplicationContext
2022-08-05 15:47:38.073  INFO 28300 --- [main] w.s.c.ServletWebServerApplicationContext : Root WebApplicationContext: initialization completed in 1654 ms
2022-08-05 15:47:38.121  INFO 28300 --- [main] com.zaxxer.hikari.HikariDataSource       : HikariPool-1 - Starting...
2022-08-05 15:47:38.222  INFO 28300 --- [main] com.zaxxer.hikari.HikariDataSource       : HikariPool-1 - Start completed.
2022-08-05 15:47:38.226  INFO 28300 --- [main] o.s.b.a.h2.H2ConsoleAutoConfiguration    : H2 console available at '/h2'. Database available at 'jdbc:h2:mem:memDb'
2022-08-05 15:47:38.338  INFO 28300 --- [main] o.s.s.concurrent.ThreadPoolTaskExecutor  : Initializing ExecutorService 'applicationTaskExecutor'
2022-08-05 15:47:38.380  INFO 28300 --- [task-1] o.hibernate.jpa.internal.util.LogHelper  : HHH000204: Processing PersistenceUnitInfo [name: default]
2022-08-05 15:47:38.422  INFO 28300 --- [task-1] org.hibernate.Version                    : HHH000412: Hibernate ORM core version 5.4.22.Final
2022-08-05 15:47:38.512  INFO 28300 --- [task-1] o.hibernate.annotations.common.Version   : HCANN000001: Hibernate Commons Annotations {5.1.0.Final}
2022-08-05 15:47:38.604  INFO 28300 --- [task-1] org.hibernate.dialect.Dialect            : HHH000400: Using dialect: org.hibernate.dialect.H2Dialect
2022-08-05 15:47:38.635  WARN 28300 --- [main] JpaBaseConfiguration$JpaWebConfiguration : spring.jpa.open-in-view is enabled by default. Therefore, database queries may be performed during view rendering. Explicitly configure spring.jpa.open-in-view to disable this warning
2022-08-05 15:47:39.016  INFO 28300 --- [main] o.s.b.w.embedded.tomcat.TomcatWebServer  : Tomcat started on port(s): 8081 (http) with context path ''
2022-08-05 15:47:39.171  INFO 28300 --- [task-1] o.h.e.t.j.p.i.JtaPlatformInitiator       : HHH000490: Using JtaPlatform implementation: [org.hibernate.engine.transaction.jta.platform.internal.NoJtaPlatform]
2022-08-05 15:47:39.177  INFO 28300 --- [task-1] j.LocalContainerEntityManagerFactoryBean : Initialized JPA EntityManagerFactory for persistence unit 'default'
2022-08-05 15:47:39.252  INFO 28300 --- [main] DeferredRepositoryInitializationListener : Triggering deferred initialization of Spring Data repositories
2022-08-05 15:47:39.376  INFO 28300 --- [main] DeferredRepositoryInitializationListener : Spring Data repositories initialized!
2022-08-05 15:47:39.376  INFO 28300 --- [main] c.c.b.loyalty.LoyaltyServiceApplication  : Started LoyaltyServiceApplication in 3.327 seconds (JVM running for 4.019)
2022-08-05 15:47:45.377  INFO 28300 --- [http-nio-8081-exec-2] o.a.c.c.C.[Tomcat].[localhost].[/]       : Initializing Spring DispatcherServlet 'dispatcherServlet'
2022-08-05 15:47:45.377  INFO 28300 --- [http-nio-8081-exec-2] o.s.web.servlet.DispatcherServlet        : Initializing Servlet 'dispatcherServlet'
2022-08-05 15:47:45.377  INFO 28300 --- [http-nio-8081-exec-2] o.s.web.servlet.DispatcherServlet        : Completed initialization in 0 ms
2022-08-05 16:21:46.020  INFO 33880 --- [main] c.c.b.loyalty.LoyaltyServiceApplication  : Starting LoyaltyServiceApplication on LAPTOP-ATKTSM5R with PID 33880 (C:\Users\91865\Downloads\reward-service\target\classes started by 91865 in C:\Users\91865\Downloads\reward-service)
2022-08-05 16:21:46.023  INFO 33880 --- [main] c.c.b.loyalty.LoyaltyServiceApplication  : No active profile set, falling back to default profiles: default
2022-08-05 16:21:46.895  INFO 33880 --- [main] .s.d.r.c.RepositoryConfigurationDelegate : Bootstrapping Spring Data JPA repositories in DEFERRED mode.
2022-08-05 16:21:46.954  INFO 33880 --- [main] .s.d.r.c.RepositoryConfigurationDelegate : Finished Spring Data repository scanning in 52ms. Found 2 JPA repository interfaces.
2022-08-05 16:21:47.424  INFO 33880 --- [main] o.s.b.w.embedded.tomcat.TomcatWebServer  : Tomcat initialized with port(s): 8081 (http)
2022-08-05 16:21:47.432  INFO 33880 --- [main] o.apache.catalina.core.StandardService   : Starting service [Tomcat]
2022-08-05 16:21:47.433  INFO 33880 --- [main] org.apache.catalina.core.StandardEngine  : Starting Servlet engine: [Apache Tomcat/9.0.39]
2022-08-05 16:21:47.700  INFO 33880 --- [main] o.a.c.c.C.[Tomcat].[localhost].[/]       : Initializing Spring embedded WebApplicationContext
2022-08-05 16:21:47.700  INFO 33880 --- [main] w.s.c.ServletWebServerApplicationContext : Root WebApplicationContext: initialization completed in 1628 ms
2022-08-05 16:21:47.739  INFO 33880 --- [main] com.zaxxer.hikari.HikariDataSource       : HikariPool-1 - Starting...
2022-08-05 16:21:47.830  INFO 33880 --- [main] com.zaxxer.hikari.HikariDataSource       : HikariPool-1 - Start completed.
2022-08-05 16:21:47.836  INFO 33880 --- [main] o.s.b.a.h2.H2ConsoleAutoConfiguration    : H2 console available at '/h2'. Database available at 'jdbc:h2:mem:memDb'
2022-08-05 16:21:47.949  INFO 33880 --- [main] o.s.s.concurrent.ThreadPoolTaskExecutor  : Initializing ExecutorService 'applicationTaskExecutor'
2022-08-05 16:21:47.995  INFO 33880 --- [task-1] o.hibernate.jpa.internal.util.LogHelper  : HHH000204: Processing PersistenceUnitInfo [name: default]
2022-08-05 16:21:48.052  INFO 33880 --- [task-1] org.hibernate.Version                    : HHH000412: Hibernate ORM core version 5.4.22.Final
2022-08-05 16:21:48.188  INFO 33880 --- [task-1] o.hibernate.annotations.common.Version   : HCANN000001: Hibernate Commons Annotations {5.1.0.Final}
2022-08-05 16:21:48.251  WARN 33880 --- [main] JpaBaseConfiguration$JpaWebConfiguration : spring.jpa.open-in-view is enabled by default. Therefore, database queries may be performed during view rendering. Explicitly configure spring.jpa.open-in-view to disable this warning
2022-08-05 16:21:48.284  INFO 33880 --- [task-1] org.hibernate.dialect.Dialect            : HHH000400: Using dialect: org.hibernate.dialect.H2Dialect
2022-08-05 16:21:48.625  INFO 33880 --- [main] o.s.b.w.embedded.tomcat.TomcatWebServer  : Tomcat started on port(s): 8081 (http) with context path ''
2022-08-05 16:21:48.871  INFO 33880 --- [main] DeferredRepositoryInitializationListener : Triggering deferred initialization of Spring Data repositories
2022-08-05 16:21:48.906  INFO 33880 --- [task-1] o.h.e.t.j.p.i.JtaPlatformInitiator       : HHH000490: Using JtaPlatform implementation: [org.hibernate.engine.transaction.jta.platform.internal.NoJtaPlatform]
2022-08-05 16:21:48.912  INFO 33880 --- [task-1] j.LocalContainerEntityManagerFactoryBean : Initialized JPA EntityManagerFactory for persistence unit 'default'
2022-08-05 16:21:49.020  INFO 33880 --- [main] DeferredRepositoryInitializationListener : Spring Data repositories initialized!
2022-08-05 16:21:49.026  INFO 33880 --- [main] c.c.b.loyalty.LoyaltyServiceApplication  : Started LoyaltyServiceApplication in 3.331 seconds (JVM running for 4.017)
